;S
0 1 # r rewrite_1
rewrite_state1a_0 6 0 r rewrite_state1a_6
rewrite_state2_9 3 9 r rewrite_state2_3
push_state1 6 _ r rewrite_state1_6
rewrite_state1b_1 * 1 r rewrite_state1b_*
rewrite_statehalt_8 9 8 r rewrite_statehalt_9
rewrite_state1_5 5 5 r rewrite_state1_5
rewrite_state21_2 + 2 r end_state_21_+
rewrite_state20__ 1 _ r rewrite_state20_1
rewrite_state2_1 8 1 r rewrite_state2_8
4 # # r push_state4
rewrite_state20_1 7 1 r rewrite_state20_7
rewrite_state1b_0 * 0 r rewrite_state1b_*
rewrite_state20_4 * 4 r rewrite_state20_*
rewrite_state4_0 1 0 r rewrite_state4_1
rewrite_state21_7 * 7 r rewrite_state21_*
rewrite_state1_4 _ 4 r rewrite_state1__
push_statehalt 2 _ r rewrite_statehalt_2
rewrite_state1b__ + _ r end_state_1b_+
rewrite_statehalt_8 _ 8 r rewrite_statehalt__
rewrite_state21_6 0 6 r rewrite_state21_0
push_statehalt 7 _ r rewrite_statehalt_7
rewrite_state3_7 6 7 r rewrite_state3_6
rewrite_state1a__ 2 _ r rewrite_state1a_2
rewrite_state4_5 2 5 r rewrite_state4_2
rewrite_state21_1 9 1 r rewrite_state21_9
rewrite_statehalt_3 8 3 r rewrite_statehalt_8
rewrite_state21_* + * r end_state_21_+
rewrite_state1b_6 7 6 r rewrite_state1b_7
rewrite_state1a_5 7 5 r rewrite_state1a_7
rewrite_state2_6 6 6 r rewrite_state2_6
rewrite_state21_1 1 1 r rewrite_state21_1
rewrite_state1b__ 6 _ r rewrite_state1b_6
rewrite_state1a_8 3 8 r rewrite_state1a_3
rewrite_state21a_3 + 3 r end_state_21a_+
rewrite_state21a_* 8 * r rewrite_state21a_8
rewrite_statehalt_7 + 7 r end_state_halt_+
rewrite_state1a_* 9 * r rewrite_state1a_9
rewrite_statehalt_6 6 6 r rewrite_statehalt_6
push_state21a 3 _ r rewrite_state21a_3
rewrite_state1_2 7 2 r rewrite_state1_7
rewrite_state2_* + * r end_state_2_+
rewrite_state21_2 2 2 r rewrite_state21_2
rewrite_state21_4 5 4 r rewrite_state21_5
rewrite_state2_9 2 9 r rewrite_state2_2
rewrite_state21_* 6 * r rewrite_state21_6
rewrite_state1b_7 _ 7 r rewrite_state1b__
rewrite_state4_4 1 4 r rewrite_state4_1
rewrite_statehalt_1 0 1 r rewrite_statehalt_0
rewrite_state2_2 2 2 r rewrite_state2_2
rewrite_statehalt_1 9 1 r rewrite_statehalt_9
rewrite_state2_* 3 * r rewrite_state2_3
rewrite_state4_1 5 1 r rewrite_state4_5
rewrite_state1_5 0 5 r rewrite_state1_0
rewrite_statehalt_8 * 8 r rewrite_statehalt_*
rewrite_state2_* 8 * r rewrite_state2_8
rewrite_state4_7 8 7 r rewrite_state4_8
rewrite_state1_3 * 3 r rewrite_state1_*
rewrite_state1a_5 3 5 r rewrite_state1a_3
rewrite_state20_1 _ 1 r rewrite_state20__
rewrite_state3_3 8 3 r rewrite_state3_8
rewrite_state1_1 8 1 r rewrite_state1_8
rewrite_state2_4 2 4 r rewrite_state2_2
rewrite_state4_6 6 6 r rewrite_state4_6
rewrite_state20_9 8 9 r rewrite_state20_8
rewrite_state2_6 4 6 r rewrite_state2_4
push_state1a 2 _ r rewrite_state1a_2
end_state_20_+ _ + l goto_begin_state_20
rewrite_state1a_5 + 5 r end_state_1a_+
rewrite_state21_4 6 4 r rewrite_state21_6
4 6 7 r 1b
rewrite_statehalt__ 8 _ r rewrite_statehalt_8
rewrite_state2_7 1 7 r rewrite_state2_1
rewrite_state1_5 8 5 r rewrite_state1_8
rewrite_state21_8 2 8 r rewrite_state21_2
rewrite_1 1 1 r rewrite_1
rewrite_state1b_1 + 1 r end_state_1b_+
rewrite_state4_4 6 4 r rewrite_state4_6
end_tape _ + l end_tape
rewrite_statehalt__ 0 _ r rewrite_statehalt_0
rewrite_state1_7 3 7 r rewrite_state1_3
rewrite_state21_4 2 4 r rewrite_state21_2
rewrite_state21_4 4 4 r rewrite_state21_4
rewrite_state2_1 5 1 r rewrite_state2_5
rewrite_state1_2 * 2 r rewrite_state1_*
rewrite_state20_2 1 2 r rewrite_state20_1
21 # # r push_state21
rewrite_state1_5 2 5 r rewrite_state1_2
rewrite_state1b_9 9 9 r rewrite_state1b_9
rewrite_state21_3 4 3 r rewrite_state21_4
rewrite_state1_3 5 3 r rewrite_state1_5
rewrite_state21a__ 8 _ r rewrite_state21a_8
rewrite_state4__ * _ r rewrite_state4_*
rewrite_state20_7 5 7 r rewrite_state20_5
rewrite_state2_1 7 1 r rewrite_state2_7
rewrite_state1_3 + 3 r end_state_1_+
rewrite_state3_5 _ 5 r rewrite_state3__
rewrite_state1a_8 _ 8 r rewrite_state1a__
4 1 2 r 1b
push_state21a 2 _ r rewrite_state21a_2
rewrite_state21_1 * 1 r rewrite_state21_*
rewrite_state1b_9 2 9 r rewrite_state1b_2
rewrite_state20__ 3 _ r rewrite_state20_3
rewrite_state2_0 4 0 r rewrite_state2_4
rewrite_state20_9 * 9 r rewrite_state20_*
rewrite_state3_6 8 6 r rewrite_state3_8
rewrite_state1_6 0 6 r rewrite_state1_0
rewrite_state1_7 _ 7 r rewrite_state1__
rewrite_state1_8 8 8 r rewrite_state1_8
push_state4 * _ r rewrite_state4_*
rewrite_state2_* 1 * r rewrite_state2_1
rewrite_state21_4 3 4 r rewrite_state21_3
rewrite_state4__ 1 _ r rewrite_state4_1
rewrite_state4_8 1 8 r rewrite_state4_1
rewrite_state1b_0 1 0 r rewrite_state1b_1
rewrite_state21_8 0 8 r rewrite_state21_0
rewrite_state2_3 7 3 r rewrite_state2_7
rewrite_state2_0 _ 0 r rewrite_state2__
rewrite_state2_5 1 5 r rewrite_state2_1
rewrite_statehalt_8 3 8 r rewrite_statehalt_3
push_state20 0 _ r rewrite_state20_0
push_state1 7 _ r rewrite_state1_7
rewrite_state2_4 7 4 r rewrite_state2_7
push_state2 9 _ r rewrite_state2_9
rewrite_state3_6 * 6 r rewrite_state3_*
rewrite_state20_9 _ 9 r rewrite_state20__
rewrite_state3_3 _ 3 r rewrite_state3__
rewrite_statehalt_0 _ 0 r rewrite_statehalt__
rewrite_state20_4 7 4 r rewrite_state20_7
rewrite_state1a_7 0 7 r rewrite_state1a_0
rewrite_state2_7 + 7 r end_state_2_+
rewrite_state1_* 4 * r rewrite_state1_4
rewrite_state21a_1 6 1 r rewrite_state21a_6
rewrite_state21a_3 6 3 r rewrite_state21a_6
rewrite_statehalt_4 9 4 r rewrite_statehalt_9
rewrite_statehalt_7 5 7 r rewrite_statehalt_5
rewrite_state2_9 5 9 r rewrite_state2_5
rewrite_state2_2 + 2 r end_state_2_+
3 + + l 4
rewrite_state1b_1 5 1 r rewrite_state1b_5
rewrite_statehalt_1 3 1 r rewrite_statehalt_3
push_state1b _ _ r rewrite_state1b__
rewrite_state1__ 6 _ r rewrite_state1_6
rewrite_state21_2 5 2 r rewrite_state21_5
rewrite_state21_0 4 0 r rewrite_state21_4
rewrite_state4_3 8 3 r rewrite_state4_8
rewrite_state4_8 4 8 r rewrite_state4_4
rewrite_statehalt_2 1 2 r rewrite_statehalt_1
rewrite_state20_* 3 * r rewrite_state20_3
rewrite_state21a_8 1 8 r rewrite_state21a_1
rewrite_state1a_* 3 * r rewrite_state1a_3
end_state_3_+ _ + l goto_begin_state_3
push_state1a 8 _ r rewrite_state1a_8
rewrite_state20_3 1 3 r rewrite_state20_1
push_state21 0 _ r rewrite_state21_0
rewrite_state4_* 7 * r rewrite_state4_7
rewrite_state21_* 3 * r rewrite_state21_3
rewrite_state21a_2 * 2 r rewrite_state21a_*
rewrite_state3__ 4 _ r rewrite_state3_4
rewrite_state21_1 7 1 r rewrite_state21_7
push_state1b 6 _ r rewrite_state1b_6
rewrite_state1b_1 0 1 r rewrite_state1b_0
rewrite_state1a_* _ * r rewrite_state1a__
rewrite_state21_3 6 3 r rewrite_state21_6
rewrite_state20_6 1 6 r rewrite_state20_1
rewrite_state1b_5 _ 5 r rewrite_state1b__
goto_begin_state_1b * * l goto_begin_state_1b
rewrite_statehalt_0 6 0 r rewrite_statehalt_6
rewrite_state4_2 + 2 r end_state_4_+
push_state20 * _ r rewrite_state20_*
rewrite_state21_8 5 8 r rewrite_state21_5
rewrite_state3_7 + 7 r end_state_3_+
rewrite_state1a_4 5 4 r rewrite_state1a_5
rewrite_state1b__ 9 _ r rewrite_state1b_9
rewrite_state2_7 _ 7 r rewrite_state2__
rewrite_state1_9 9 9 r rewrite_state1_9
rewrite_state1a_5 0 5 r rewrite_state1a_0
rewrite_state1b_4 6 4 r rewrite_state1b_6
push_state1 0 _ r rewrite_state1_0
rewrite_state2_6 3 6 r rewrite_state2_3
rewrite_state1b_8 6 8 r rewrite_state1b_6
rewrite_state1a_1 2 1 r rewrite_state1a_2
rewrite_state1b_7 8 7 r rewrite_state1b_8
rewrite_state4_3 1 3 r rewrite_state4_1
rewrite_state3_0 _ 0 r rewrite_state3__
rewrite_state2_8 7 8 r rewrite_state2_7
rewrite_state1a_0 3 0 r rewrite_state1a_3
rewrite_state2_2 6 2 r rewrite_state2_6
rewrite_state4_6 5 6 r rewrite_state4_5
rewrite_state1b__ 0 _ r rewrite_state1b_0
goto_begin_state_4 # # r 4
rewrite_state21_7 _ 7 r rewrite_state21__
goto_begin_state_1 # # r 1
rewrite_statehalt_1 * 1 r rewrite_statehalt_*
rewrite_state20_8 7 8 r rewrite_state20_7
rewrite_state21a_* 7 * r rewrite_state21a_7
rewrite_state21a_4 * 4 r rewrite_state21a_*
rewrite_state1b_0 _ 0 r rewrite_state1b__
rewrite_state21a_7 9 7 r rewrite_state21a_9
rewrite_state1__ * _ r rewrite_state1_*
rewrite_state21_1 + 1 r end_state_21_+
rewrite_state21_7 + 7 r end_state_21_+
rewrite_state2_9 9 9 r rewrite_state2_9
rewrite_state21a_0 9 0 r rewrite_state21a_9
goto_begin_state_1a * * l goto_begin_state_1a
21 * * l 21a
rewrite_state2_5 6 5 r rewrite_state2_6
rewrite_state4__ 8 _ r rewrite_state4_8
rewrite_state1a_7 2 7 r rewrite_state1a_2
rewrite_statehalt_9 * 9 r rewrite_statehalt_*
rewrite_statehalt_2 + 2 r end_state_halt_+
rewrite_state20_2 7 2 r rewrite_state20_7
push_state3 7 _ r rewrite_state3_7
4 9 0 l 4
rewrite_state21a_7 4 7 r rewrite_state21a_4
rewrite_state4_6 * 6 r rewrite_state4_*
rewrite_state1a_6 1 6 r rewrite_state1a_1
rewrite_state1a_9 5 9 r rewrite_state1a_5
rewrite_state4_* + * r end_state_4_+
push_state2 2 _ r rewrite_state2_2
push_state20 4 _ r rewrite_state20_4
rewrite_statehalt_4 6 4 r rewrite_statehalt_6
rewrite_statehalt_1 5 1 r rewrite_statehalt_5
rewrite_state20_5 2 5 r rewrite_state20_2
rewrite_state20_* 7 * r rewrite_state20_7
rewrite_state3_0 1 0 r rewrite_state3_1
rewrite_state2_9 8 9 r rewrite_state2_8
push_state3 2 _ r rewrite_state3_2
rewrite_state1b_9 6 9 r rewrite_state1b_6
rewrite_state21a_3 3 3 r rewrite_state21a_3
rewrite_state20_3 * 3 r rewrite_state20_*
3 _ _ l 4
rewrite_state1_8 + 8 r end_state_1_+
rewrite_state21a_* 6 * r rewrite_state21a_6
rewrite_state1_3 4 3 r rewrite_state1_4
rewrite_statehalt_2 _ 2 r rewrite_statehalt__
rewrite_state4_3 3 3 r rewrite_state4_3
rewrite_state1b_9 5 9 r rewrite_state1b_5
rewrite_state3_1 4 1 r rewrite_state3_4
rewrite_state4_9 2 9 r rewrite_state4_2
rewrite_state4_9 8 9 r rewrite_state4_8
rewrite_state2_2 9 2 r rewrite_state2_9
rewrite_statehalt__ 2 _ r rewrite_statehalt_2
rewrite_state4_3 9 3 r rewrite_state4_9
1a + + l 2
rewrite_state21a_4 2 4 r rewrite_state21a_2
rewrite_state21a_2 9 2 r rewrite_state21a_9
rewrite_state21_3 2 3 r rewrite_state21_2
rewrite_state1b_0 5 0 r rewrite_state1b_5
rewrite_state1a__ 3 _ r rewrite_state1a_3
push_state1 9 _ r rewrite_state1_9
rewrite_state2_3 1 3 r rewrite_state2_1
rewrite_state1_5 * 5 r rewrite_state1_*
rewrite_state21a_5 7 5 r rewrite_state21a_7
rewrite_state21_5 9 5 r rewrite_state21_9
rewrite_state1a_3 3 3 r rewrite_state1a_3
rewrite_state2_8 5 8 r rewrite_state2_5
rewrite_state2__ 5 _ r rewrite_state2_5
rewrite_state2_9 7 9 r rewrite_state2_7
rewrite_statehalt_5 8 5 r rewrite_statehalt_8
rewrite_state21_4 8 4 r rewrite_state21_8
rewrite_state21a_6 2 6 r rewrite_state21a_2
rewrite_state2_* 7 * r rewrite_state2_7
rewrite_state21a_8 3 8 r rewrite_state21a_3
rewrite_state20_6 9 6 r rewrite_state20_9
rewrite_statehalt_9 4 9 r rewrite_statehalt_4
rewrite_state20_1 6 1 r rewrite_state20_6
rewrite_state1_8 2 8 r rewrite_state1_2
rewrite_statehalt__ + _ r end_state_halt_+
rewrite_state1_6 7 6 r rewrite_state1_7
rewrite_state1_7 6 7 r rewrite_state1_6
rewrite_state2_9 * 9 r rewrite_state2_*
rewrite_state4__ 2 _ r rewrite_state4_2
rewrite_state21_0 2 0 r rewrite_state21_2
rewrite_state21_6 8 6 r rewrite_state21_8
rewrite_state2_5 _ 5 r rewrite_state2__
rewrite_state1_9 2 9 r rewrite_state1_2
rewrite_statehalt_1 7 1 r rewrite_statehalt_7
push_state21a 7 _ r rewrite_state21a_7
rewrite_state3_9 4 9 r rewrite_state3_4
rewrite_state21_2 _ 2 r rewrite_state21__
rewrite_statehalt_2 7 2 r rewrite_statehalt_7
rewrite_state1b_4 3 4 r rewrite_state1b_3
rewrite_state4_* 0 * r rewrite_state4_0
rewrite_statehalt_4 8 4 r rewrite_statehalt_8
rewrite_state4_8 0 8 r rewrite_state4_0
rewrite_state2_8 3 8 r rewrite_state2_3
rewrite_state1__ + _ r end_state_1_+
rewrite_state1_4 3 4 r rewrite_state1_3
rewrite_state21a_2 1 2 r rewrite_state21a_1
rewrite_state1_7 * 7 r rewrite_state1_*
rewrite_state1b_* 4 * r rewrite_state1b_4
rewrite_state1_5 9 5 r rewrite_state1_9
rewrite_state4_7 1 7 r rewrite_state4_1
rewrite_state3_3 5 3 r rewrite_state3_5
rewrite_state1a_7 9 7 r rewrite_state1a_9
1b _ _ r 1
rewrite_state4_4 4 4 r rewrite_state4_4
rewrite_state20_6 _ 6 r rewrite_state20__
rewrite_state1_3 1 3 r rewrite_state1_1
rewrite_state3_3 7 3 r rewrite_state3_7
rewrite_state21_* 0 * r rewrite_state21_0
rewrite_state4_9 6 9 r rewrite_state4_6
rewrite_state1b_5 2 5 r rewrite_state1b_2
rewrite_state20_8 2 8 r rewrite_state20_2
rewrite_state3_6 4 6 r rewrite_state3_4
rewrite_state21a_4 3 4 r rewrite_state21a_3
rewrite_state2_9 0 9 r rewrite_state2_0
rewrite_state4_9 5 9 r rewrite_state4_5
rewrite_statehalt_0 2 0 r rewrite_statehalt_2
rewrite_state3_2 4 2 r rewrite_state3_4
rewrite_state21a_7 8 7 r rewrite_state21a_8
rewrite_state2_6 5 6 r rewrite_state2_5
rewrite_state20_9 9 9 r rewrite_state20_9
rewrite_statehalt_5 + 5 r end_state_halt_+
rewrite_state21_6 4 6 r rewrite_state21_4
rewrite_state21_5 7 5 r rewrite_state21_7
rewrite_state1b_5 * 5 r rewrite_state1b_*
rewrite_state3__ + _ r end_state_3_+
rewrite_state2_5 8 5 r rewrite_state2_8
rewrite_state2_5 7 5 r rewrite_state2_7
rewrite_state21a_6 9 6 r rewrite_state21a_9
push_state3 3 _ r rewrite_state3_3
rewrite_state1b_* 1 * r rewrite_state1b_1
rewrite_state2_4 9 4 r rewrite_state2_9
rewrite_state1b_8 4 8 r rewrite_state1b_4
end_state_21a_+ _ + l goto_begin_state_21a
push_state20 9 _ r rewrite_state20_9
rewrite_state21a_7 7 7 r rewrite_state21a_7
rewrite_statehalt_7 6 7 r rewrite_statehalt_6
rewrite_statehalt__ * _ r rewrite_statehalt_*
rewrite_statehalt_8 6 8 r rewrite_statehalt_6
rewrite_state2_4 6 4 r rewrite_state2_6
rewrite_state1a_2 + 2 r end_state_1a_+
rewrite_state4_7 + 7 r end_state_4_+
rewrite_state21a_2 8 2 r rewrite_state21a_8
rewrite_state21__ * _ r rewrite_state21_*
rewrite_state21_8 * 8 r rewrite_state21_*
rewrite_state2_7 3 7 r rewrite_state2_3
rewrite_state3_0 4 0 r rewrite_state3_4
rewrite_state4_6 7 6 r rewrite_state4_7
rewrite_state1b_8 0 8 r rewrite_state1b_0
rewrite_state20_0 _ 0 r rewrite_state20__
rewrite_state4_7 5 7 r rewrite_state4_5
rewrite_state4_5 * 5 r rewrite_state4_*
rewrite_state1_8 _ 8 r rewrite_state1__
rewrite_state21a_8 8 8 r rewrite_state21a_8
rewrite_state1a_0 1 0 r rewrite_state1a_1
rewrite_state20__ 2 _ r rewrite_state20_2
rewrite_state3_2 8 2 r rewrite_state3_8
rewrite_state1a_* 4 * r rewrite_state1a_4
rewrite_state1b_4 _ 4 r rewrite_state1b__
rewrite_state2_5 9 5 r rewrite_state2_9
rewrite_state4_6 0 6 r rewrite_state4_0
rewrite_state21a_* _ * r rewrite_state21a__
rewrite_state20_7 0 7 r rewrite_state20_0
rewrite_state21__ + _ r end_state_21_+
rewrite_state3_9 1 9 r rewrite_state3_1
rewrite_state21_2 1 2 r rewrite_state21_1
rewrite_statehalt_6 0 6 r rewrite_statehalt_0
rewrite_state1a_1 1 1 r rewrite_state1a_1
rewrite_statehalt_1 1 1 r rewrite_statehalt_1
rewrite_state20_* 8 * r rewrite_state20_8
rewrite_state1b_3 5 3 r rewrite_state1b_5
goto_begin_state_1a # # r 1a
rewrite_state21a_* 9 * r rewrite_state21a_9
rewrite_state21a_1 9 1 r rewrite_state21a_9
rewrite_state21a_6 7 6 r rewrite_state21a_7
rewrite_state1b_2 0 2 r rewrite_state1b_0
rewrite_statehalt_7 4 7 r rewrite_statehalt_4
rewrite_statehalt_6 4 6 r rewrite_statehalt_4
rewrite_state1b_3 6 3 r rewrite_state1b_6
rewrite_state1a_* 2 * r rewrite_state1a_2
rewrite_state1__ 3 _ r rewrite_state1_3
rewrite_statehalt_2 * 2 r rewrite_statehalt_*
rewrite_state2_3 3 3 r rewrite_state2_3
rewrite_state3_7 _ 7 r rewrite_state3__
rewrite_state20_2 6 2 r rewrite_state20_6
rewrite_state1_3 _ 3 r rewrite_state1__
rewrite_state21__ 6 _ r rewrite_state21_6
0 0 # r rewrite_0
rewrite_state21a_8 2 8 r rewrite_state21a_2
rewrite_state2_9 4 9 r rewrite_state2_4
rewrite_state1_8 0 8 r rewrite_state1_0
rewrite_state1a_6 3 6 r rewrite_state1a_3
rewrite_state1_6 4 6 r rewrite_state1_4
rewrite_state20_6 * 6 r rewrite_state20_*
rewrite_state21_7 9 7 r rewrite_state21_9
rewrite_state1b_6 6 6 r rewrite_state1b_6
rewrite_state1a_2 0 2 r rewrite_state1a_0
rewrite_state20_2 0 2 r rewrite_state20_0
rewrite_state20_6 0 6 r rewrite_state20_0
rewrite_state21_0 + 0 r end_state_21_+
rewrite_state1_* 1 * r rewrite_state1_1
1 # # r push_state1
rewrite_state20_8 * 8 r rewrite_state20_*
rewrite_state1a_2 _ 2 r rewrite_state1a__
rewrite_state21a_1 + 1 r end_state_21a_+
rewrite_statehalt_7 8 7 r rewrite_statehalt_8
rewrite_state4_6 _ 6 r rewrite_state4__
rewrite_state4_6 2 6 r rewrite_state4_2
rewrite_state2_0 0 0 r rewrite_state2_0
rewrite_state21a_7 2 7 r rewrite_state21a_2
rewrite_state4_2 6 2 r rewrite_state4_6
goto_begin_state_1b # # r 1b
rewrite_state1b_9 * 9 r rewrite_state1b_*
rewrite_state1__ 7 _ r rewrite_state1_7
rewrite_state21a_4 4 4 r rewrite_state21a_4
rewrite_state21_3 1 3 r rewrite_state21_1
rewrite_state3_5 + 5 r end_state_3_+
rewrite_state21a_5 + 5 r end_state_21a_+
rewrite_state2_7 5 7 r rewrite_state2_5
rewrite_state3_1 0 1 r rewrite_state3_0
rewrite_state2_0 6 0 r rewrite_state2_6
rewrite_state4_2 7 2 r rewrite_state4_7
rewrite_state4_4 2 4 r rewrite_state4_2
rewrite_statehalt_8 4 8 r rewrite_statehalt_4
push_state3 0 _ r rewrite_state3_0
rewrite_state1_7 7 7 r rewrite_state1_7
rewrite_state21a_3 4 3 r rewrite_state21a_4
rewrite_state1a__ 9 _ r rewrite_state1a_9
rewrite_statehalt_* 3 * r rewrite_statehalt_3
rewrite_state21a_9 1 9 r rewrite_state21a_1
rewrite_state21_2 * 2 r rewrite_state21_*
rewrite_state21a__ 3 _ r rewrite_state21a_3
1 _ _ r 1
rewrite_state3_* * * r rewrite_state3_*
rewrite_state4_6 3 6 r rewrite_state4_3
rewrite_statehalt_9 6 9 r rewrite_statehalt_6
rewrite_state3_1 1 1 r rewrite_state3_1
rewrite_state1b__ 1 _ r rewrite_state1b_1
rewrite_statehalt_3 + 3 r end_state_halt_+
rewrite_state21a_9 9 9 r rewrite_state21a_9
rewrite_state1_1 * 1 r rewrite_state1_*
rewrite_state4_4 9 4 r rewrite_state4_9
rewrite_state4_0 * 0 r rewrite_state4_*
push_state2 7 _ r rewrite_state2_7
push_state21 6 _ r rewrite_state21_6
rewrite_state2_3 4 3 r rewrite_state2_4
rewrite_state3_4 2 4 r rewrite_state3_2
rewrite_state3_8 2 8 r rewrite_state3_2
rewrite_state20_1 4 1 r rewrite_state20_4
rewrite_state21a_0 6 0 r rewrite_state21a_6
rewrite_state21_4 7 4 r rewrite_state21_7
1b # # r push_state1b
rewrite_state21a_9 6 9 r rewrite_state21a_6
rewrite_state1_6 _ 6 r rewrite_state1__
rewrite_state21_* 8 * r rewrite_state21_8
rewrite_state1_4 9 4 r rewrite_state1_9
rewrite_state3_8 0 8 r rewrite_state3_0
rewrite_state20__ 6 _ r rewrite_state20_6
rewrite_state21_5 * 5 r rewrite_state21_*
rewrite_state1b_* * * r rewrite_state1b_*
push_statehalt 6 _ r rewrite_statehalt_6
rewrite_state1b_* 7 * r rewrite_state1b_7
rewrite_state4_6 + 6 r end_state_4_+
rewrite_state4_5 4 5 r rewrite_state4_4
rewrite_state3_6 7 6 r rewrite_state3_7
rewrite_state21_1 _ 1 r rewrite_state21__
rewrite_state1_6 2 6 r rewrite_state1_2
rewrite_state20_6 7 6 r rewrite_state20_7
push_state1b 3 _ r rewrite_state1b_3
rewrite_state1a_5 9 5 r rewrite_state1a_9
rewrite_state2_* 2 * r rewrite_state2_2
push_state4 _ _ r rewrite_state4__
rewrite_state21__ 7 _ r rewrite_state21_7
rewrite_state1a_3 4 3 r rewrite_state1a_4
rewrite_state1b_8 * 8 r rewrite_state1b_*
rewrite_state1b_6 _ 6 r rewrite_state1b__
rewrite_state3_2 9 2 r rewrite_state3_9
rewrite_state21a_2 3 2 r rewrite_state21a_3
rewrite_state21_5 + 5 r end_state_21_+
rewrite_statehalt_1 + 1 r end_state_halt_+
rewrite_state2_* 4 * r rewrite_state2_4
rewrite_state4_0 + 0 r end_state_4_+
rewrite_state1a_6 * 6 r rewrite_state1a_*
rewrite_state21_5 8 5 r rewrite_state21_8
rewrite_state20_1 1 1 r rewrite_state20_1
rewrite_state1_4 7 4 r rewrite_state1_7
rewrite_state4_5 7 5 r rewrite_state4_7
rewrite_state21a__ 2 _ r rewrite_state21a_2
rewrite_state1_5 6 5 r rewrite_state1_6
rewrite_state1a_8 4 8 r rewrite_state1a_4
rewrite_state3_6 3 6 r rewrite_state3_3
rewrite_state1_6 5 6 r rewrite_state1_5
rewrite_state1_4 0 4 r rewrite_state1_0
rewrite_state1_7 8 7 r rewrite_state1_8
rewrite_state21_6 6 6 r rewrite_state21_6
rewrite_statehalt_5 4 5 r rewrite_statehalt_4
rewrite_state1a__ * _ r rewrite_state1a_*
rewrite_state1b_* _ * r rewrite_state1b__
rewrite_state1b_9 1 9 r rewrite_state1b_1
rewrite_state1b_7 1 7 r rewrite_state1b_1
rewrite_state21a_* * * r rewrite_state21a_*
rewrite_state1a_2 1 2 r rewrite_state1a_1
rewrite_state3_* _ * r rewrite_state3__
rewrite_statehalt_5 * 5 r rewrite_statehalt_*
rewrite_state3_5 0 5 r rewrite_state3_0
rewrite_state21_8 6 8 r rewrite_state21_6
1a _ _ l 2
rewrite_state21_* * * r rewrite_state21_*
rewrite_state20__ 7 _ r rewrite_state20_7
rewrite_state4_1 8 1 r rewrite_state4_8
rewrite_state2_9 + 9 r end_state_2_+
rewrite_state20_4 2 4 r rewrite_state20_2
4 0 1 r 1b
rewrite_state2_3 * 3 r rewrite_state2_*
rewrite_state3_* 5 * r rewrite_state3_5
rewrite_state3_4 5 4 r rewrite_state3_5
rewrite_state1a_9 6 9 r rewrite_state1a_6
rewrite_state2_6 0 6 r rewrite_state2_0
rewrite_statehalt_3 6 3 r rewrite_statehalt_6
rewrite_state21a__ + _ r end_state_21a_+
rewrite_state20_* 4 * r rewrite_state20_4
rewrite_state21a_8 _ 8 r rewrite_state21a__
rewrite_state21_7 4 7 r rewrite_state21_4
rewrite_statehalt_2 8 2 r rewrite_statehalt_8
rewrite_state3_0 + 0 r end_state_3_+
rewrite_state1a_8 7 8 r rewrite_state1a_7
rewrite_statehalt_9 8 9 r rewrite_statehalt_8
rewrite_state21a_8 7 8 r rewrite_state21a_7
rewrite_state1b_5 7 5 r rewrite_state1b_7
rewrite_state21_2 3 2 r rewrite_state21_3
rewrite_state1a_6 7 6 r rewrite_state1a_7
rewrite_state20_* * * r rewrite_state20_*
rewrite_state1b_6 * 6 r rewrite_state1b_*
rewrite_state1_6 + 6 r end_state_1_+
rewrite_state1b_3 9 3 r rewrite_state1b_9
rewrite_state4_5 9 5 r rewrite_state4_9
rewrite_state1_* + * r end_state_1_+
push_state1a 0 _ r rewrite_state1a_0
rewrite_state4_1 4 1 r rewrite_state4_4
rewrite_state20_3 3 3 r rewrite_state20_3
rewrite_state1a_7 _ 7 r rewrite_state1a__
rewrite_state21a_2 5 2 r rewrite_state21a_5
rewrite_state1a_1 * 1 r rewrite_state1a_*
rewrite_state1b_1 4 1 r rewrite_state1b_4
rewrite_state1b__ 5 _ r rewrite_state1b_5
rewrite_state2_7 0 7 r rewrite_state2_0
rewrite_state4_2 _ 2 r rewrite_state4__
rewrite_statehalt_4 7 4 r rewrite_statehalt_7
rewrite_statehalt_3 4 3 r rewrite_statehalt_4
rewrite_state20__ _ _ r rewrite_state20__
rewrite_state1a_2 7 2 r rewrite_state1a_7
rewrite_state1_0 5 0 r rewrite_state1_5
push_statehalt 3 _ r rewrite_statehalt_3
rewrite_state4_7 2 7 r rewrite_state4_2
push_state2 _ _ r rewrite_state2__
rewrite_state21__ 1 _ r rewrite_state21_1
push_state2 5 _ r rewrite_state2_5
rewrite_statehalt_1 6 1 r rewrite_statehalt_6
rewrite_state21a_5 4 5 r rewrite_state21a_4
rewrite_state1_2 _ 2 r rewrite_state1__
rewrite_statehalt_5 5 5 r rewrite_statehalt_5
rewrite_state21_2 0 2 r rewrite_state21_0
rewrite_state1_1 6 1 r rewrite_state1_6
rewrite_state1_6 8 6 r rewrite_state1_8
rewrite_statehalt__ 1 _ r rewrite_statehalt_1
rewrite_state1a_4 3 4 r rewrite_state1a_3
rewrite_state3_* 4 * r rewrite_state3_4
rewrite_state2_* * * r rewrite_state2_*
rewrite_state20_7 * 7 r rewrite_state20_*
goto_begin_state_3 # # r 3
push_state1 _ _ r rewrite_state1__
rewrite_state1a_* 1 * r rewrite_state1a_1
rewrite_state21a_9 3 9 r rewrite_state21a_3
rewrite_state1b_5 0 5 r rewrite_state1b_0
rewrite_state3_8 4 8 r rewrite_state3_4
rewrite_state1a_7 7 7 r rewrite_state1a_7
rewrite_state2_0 * 0 r rewrite_state2_*
rewrite_state1_* * * r rewrite_state1_*
rewrite_statehalt_5 2 5 r rewrite_statehalt_2
4 8 9 r 1b
rewrite_state1_3 9 3 r rewrite_state1_9
rewrite_statehalt_9 0 9 r rewrite_statehalt_0
rewrite_statehalt_0 * 0 r rewrite_statehalt_*
rewrite_state1a_1 + 1 r end_state_1a_+
rewrite_state1a_* 8 * r rewrite_state1a_8
rewrite_state20_5 8 5 r rewrite_state20_8
rewrite_state4_2 8 2 r rewrite_state4_8
rewrite_state20_5 6 5 r rewrite_state20_6
rewrite_state1_1 7 1 r rewrite_state1_7
rewrite_state2_7 9 7 r rewrite_state2_9
push_state1 3 _ r rewrite_state1_3
rewrite_state1_4 4 4 r rewrite_state1_4
push_state2 8 _ r rewrite_state2_8
rewrite_state1a_8 8 8 r rewrite_state1a_8
rewrite_statehalt_0 5 0 r rewrite_statehalt_5
rewrite_state2_2 0 2 r rewrite_state2_0
rewrite_state3__ * _ r rewrite_state3_*
rewrite_state3_8 _ 8 r rewrite_state3__
rewrite_state1a_1 4 1 r rewrite_state1a_4
rewrite_state1a_4 6 4 r rewrite_state1a_6
rewrite_state4_7 7 7 r rewrite_state4_7
rewrite_state1_4 * 4 r rewrite_state1_*
push_state1 5 _ r rewrite_state1_5
rewrite_state21_9 0 9 r rewrite_state21_0
rewrite_state1_4 1 4 r rewrite_state1_1
rewrite_state21_3 3 3 r rewrite_state21_3
rewrite_state20_3 + 3 r end_state_20_+
rewrite_state1b_8 7 8 r rewrite_state1b_7
rewrite_state20_6 + 6 r end_state_20_+
1b * * r 1b
rewrite_state20_6 4 6 r rewrite_state20_4
push_state21a 8 _ r rewrite_state21a_8
21 _ _ l 21
rewrite_state20_0 5 0 r rewrite_state20_5
rewrite_state21__ 5 _ r rewrite_state21_5
rewrite_state1_3 7 3 r rewrite_state1_7
rewrite_state3_2 _ 2 r rewrite_state3__
rewrite_statehalt_* * * r rewrite_statehalt_*
rewrite_state21a_0 5 0 r rewrite_state21a_5
push_state21 2 _ r rewrite_state21_2
rewrite_state4_1 3 1 r rewrite_state4_3
rewrite_state21_8 4 8 r rewrite_state21_4
rewrite_state21a_7 5 7 r rewrite_state21a_5
rewrite_state3_6 0 6 r rewrite_state3_0
rewrite_state21a_5 6 5 r rewrite_state21a_6
rewrite_state1__ 5 _ r rewrite_state1_5
rewrite_state4_1 6 1 r rewrite_state4_6
rewrite_state1_3 0 3 r rewrite_state1_0
rewrite_state1a_4 9 4 r rewrite_state1a_9
rewrite_state1a_4 + 4 r end_state_1a_+
rewrite_state20_8 9 8 r rewrite_state20_9
rewrite_statehalt_* 2 * r rewrite_statehalt_2
rewrite_state3__ 6 _ r rewrite_state3_6
rewrite_state21a_0 1 0 r rewrite_state21a_1
rewrite_state20_6 8 6 r rewrite_state20_8
push_state20 8 _ r rewrite_state20_8
rewrite_state1b_1 2 1 r rewrite_state1b_2
rewrite_state4_7 * 7 r rewrite_state4_*
rewrite_state1b_2 9 2 r rewrite_state1b_9
rewrite_statehalt_3 3 3 r rewrite_statehalt_3
21a _ _ r halt
rewrite_state4_9 1 9 r rewrite_state4_1
rewrite_state21a_6 4 6 r rewrite_state21a_4
rewrite_state21a_0 2 0 r rewrite_state21a_2
rewrite_state4_2 0 2 r rewrite_state4_0
rewrite_state1a_6 4 6 r rewrite_state1a_4
rewrite_state1b_1 7 1 r rewrite_state1b_7
rewrite_state1b_2 * 2 r rewrite_state1b_*
rewrite_state21_2 7 2 r rewrite_state21_7
rewrite_state20_5 5 5 r rewrite_state20_5
rewrite_state1a_* 6 * r rewrite_state1a_6
rewrite_state2_1 6 1 r rewrite_state2_6
push_state2 * _ r rewrite_state2_*
rewrite_state1a_1 9 1 r rewrite_state1a_9
rewrite_state21_7 8 7 r rewrite_state21_8
rewrite_statehalt_2 9 2 r rewrite_statehalt_9
rewrite_state21a_1 2 1 r rewrite_state21a_2
rewrite_state3_9 0 9 r rewrite_state3_0
rewrite_state4_* 9 * r rewrite_state4_9
rewrite_state2_6 7 6 r rewrite_state2_7
rewrite_statehalt_4 5 4 r rewrite_statehalt_5
rewrite_state2_1 0 1 r rewrite_state2_0
rewrite_state20__ 4 _ r rewrite_state20_4
rewrite_statehalt_3 _ 3 r rewrite_statehalt__
rewrite_state3_7 2 7 r rewrite_state3_2
rewrite_state20_1 8 1 r rewrite_state20_8
rewrite_statehalt_8 1 8 r rewrite_statehalt_1
rewrite_state3_7 3 7 r rewrite_state3_3
rewrite_state20_2 _ 2 r rewrite_state20__
rewrite_state21_3 7 3 r rewrite_state21_7
rewrite_state4_1 1 1 r rewrite_state4_1
rewrite_state21a_6 6 6 r rewrite_state21a_6
rewrite_state1_5 7 5 r rewrite_state1_7
rewrite_state4_4 * 4 r rewrite_state4_*
rewrite_state1a_1 6 1 r rewrite_state1a_6
rewrite_state21a_0 8 0 r rewrite_state21a_8
rewrite_state1_3 2 3 r rewrite_state1_2
rewrite_state21a_2 0 2 r rewrite_state21a_0
rewrite_state2__ 6 _ r rewrite_state2_6
rewrite_statehalt__ 4 _ r rewrite_statehalt_4
rewrite_state2_0 9 0 r rewrite_state2_9
rewrite_statehalt_4 * 4 r rewrite_statehalt_*
rewrite_state1a_9 8 9 r rewrite_state1a_8
push_state1b * _ r rewrite_state1b_*
rewrite_state3_9 + 9 r end_state_3_+
20 * _ r 20
rewrite_state4_4 3 4 r rewrite_state4_3
rewrite_state1b_8 5 8 r rewrite_state1b_5
rewrite_state1b_0 2 0 r rewrite_state1b_2
rewrite_state1a_4 _ 4 r rewrite_state1a__
rewrite_state4_8 8 8 r rewrite_state4_8
rewrite_state2_5 2 5 r rewrite_state2_2
rewrite_state3_4 4 4 r rewrite_state3_4
rewrite_state2_6 1 6 r rewrite_state2_1
rewrite_state2_8 2 8 r rewrite_state2_2
rewrite_state3_8 * 8 r rewrite_state3_*
rewrite_state1b_6 0 6 r rewrite_state1b_0
goto_begin_state_20 * * l goto_begin_state_20
rewrite_state21_9 * 9 r rewrite_state21_*
rewrite_statehalt_7 * 7 r rewrite_statehalt_*
rewrite_state21a__ 7 _ r rewrite_state21a_7
rewrite_state1b_* 9 * r rewrite_state1b_9
rewrite_statehalt_7 3 7 r rewrite_statehalt_3
rewrite_state1b_5 4 5 r rewrite_state1b_4
rewrite_state3_5 7 5 r rewrite_state3_7
push_state3 6 _ r rewrite_state3_6
rewrite_state4_6 1 6 r rewrite_state4_1
rewrite_state3_6 + 6 r end_state_3_+
push_state1a * _ r rewrite_state1a_*
push_state2 0 _ r rewrite_state2_0
rewrite_state20_* 0 * r rewrite_state20_0
rewrite_state3_5 3 5 r rewrite_state3_3
rewrite_state1a_* 0 * r rewrite_state1a_0
rewrite_state4_0 3 0 r rewrite_state4_3
rewrite_state3_4 8 4 r rewrite_state3_8
rewrite_state1b_7 * 7 r rewrite_state1b_*
rewrite_statehalt_9 1 9 r rewrite_statehalt_1
rewrite_state2_6 _ 6 r rewrite_state2__
rewrite_state1_8 4 8 r rewrite_state1_4
rewrite_state3_* 3 * r rewrite_state3_3
push_state20 _ _ r rewrite_state20__
rewrite_state21_9 1 9 r rewrite_state21_1
push_state21 1 _ r rewrite_state21_1
rewrite_state1a_2 5 2 r rewrite_state1a_5
push_state1b 5 _ r rewrite_state1b_5
rewrite_state1a__ 6 _ r rewrite_state1a_6
rewrite_statehalt_1 2 1 r rewrite_statehalt_2
rewrite_state21_9 5 9 r rewrite_state21_5
rewrite_state1_2 5 2 r rewrite_state1_5
rewrite_state2_1 _ 1 r rewrite_state2__
1a # # r push_state1a
rewrite_state20_4 0 4 r rewrite_state20_0
goto_begin_state_21a * * l goto_begin_state_21a
rewrite_state21a_4 0 4 r rewrite_state21a_0
rewrite_state1a_1 _ 1 r rewrite_state1a__
rewrite_state21__ 4 _ r rewrite_state21_4
goto_begin_state_1 * * l goto_begin_state_1
rewrite_state3_7 8 7 r rewrite_state3_8
rewrite_statehalt_0 7 0 r rewrite_statehalt_7
rewrite_state1b_* 8 * r rewrite_state1b_8
rewrite_state2__ + _ r end_state_2_+
rewrite_state3_5 5 5 r rewrite_state3_5
rewrite_state21_6 + 6 r end_state_21_+
rewrite_statehalt_3 5 3 r rewrite_statehalt_5
rewrite_state21_8 _ 8 r rewrite_state21__
rewrite_state1a_2 8 2 r rewrite_state1a_8
push_state20 1 _ r rewrite_state20_1
rewrite_state20_3 4 3 r rewrite_state20_4
push_state2 3 _ r rewrite_state2_3
push_state21a 9 _ r rewrite_state21a_9
push_state1a 5 _ r rewrite_state1a_5
rewrite_state21a_7 _ 7 r rewrite_state21a__
rewrite_state1b_* 5 * r rewrite_state1b_5
rewrite_state21_6 3 6 r rewrite_state21_3
rewrite_state20_9 6 9 r rewrite_state20_6
rewrite_state4__ + _ r end_state_4_+
rewrite_statehalt_9 3 9 r rewrite_statehalt_3
goto_begin_state_21a # # r 21a
rewrite_state21_0 5 0 r rewrite_state21_5
rewrite_state1_0 * 0 r rewrite_state1_*
rewrite_state3_9 6 9 r rewrite_state3_6
rewrite_state1a_7 * 7 r rewrite_state1a_*
rewrite_state1_9 7 9 r rewrite_state1_7
rewrite_state1b_1 9 1 r rewrite_state1b_9
rewrite_state2_7 8 7 r rewrite_state2_8
rewrite_state21_6 1 6 r rewrite_state21_1
rewrite_statehalt_3 0 3 r rewrite_statehalt_0
rewrite_state1__ 9 _ r rewrite_state1_9
rewrite_state21a_9 0 9 r rewrite_state21a_0
rewrite_state3_2 + 2 r end_state_3_+
rewrite_statehalt_4 + 4 r end_state_halt_+
rewrite_state1__ _ _ r rewrite_state1__
rewrite_state3_8 + 8 r end_state_3_+
rewrite_state21a_6 8 6 r rewrite_state21a_8
rewrite_state3_* 0 * r rewrite_state3_0
rewrite_statehalt__ 7 _ r rewrite_statehalt_7
rewrite_statehalt_5 6 5 r rewrite_statehalt_6
rewrite_state1b_7 2 7 r rewrite_state1b_2
rewrite_state21_6 9 6 r rewrite_state21_9
rewrite_state2_3 _ 3 r rewrite_state2__
rewrite_state21a_8 6 8 r rewrite_state21a_6
rewrite_state21_* 1 * r rewrite_state21_1
rewrite_state4_* 8 * r rewrite_state4_8
rewrite_state1_* _ * r rewrite_state1__
rewrite_state3_* 8 * r rewrite_state3_8
rewrite_state21__ 0 _ r rewrite_state21_0
rewrite_state21a_5 0 5 r rewrite_state21a_0
rewrite_state2_4 3 4 r rewrite_state2_3
end_state_21_+ _ + l goto_begin_state_21
rewrite_state1_6 1 6 r rewrite_state1_1
rewrite_state1a_5 _ 5 r rewrite_state1a__
push_state21a 5 _ r rewrite_state21a_5
rewrite_state20__ * _ r rewrite_state20_*
rewrite_state20_6 2 6 r rewrite_state20_2
rewrite_state1_1 0 1 r rewrite_state1_0
push_state21 7 _ r rewrite_state21_7
push_state2 6 _ r rewrite_state2_6
rewrite_state2_2 7 2 r rewrite_state2_7
rewrite_state4_3 2 3 r rewrite_state4_2
rewrite_state21_5 5 5 r rewrite_state21_5
rewrite_state4_3 * 3 r rewrite_state4_*
push_state1b 7 _ r rewrite_state1b_7
rewrite_state21a_7 0 7 r rewrite_state21a_0
rewrite_state20_5 _ 5 r rewrite_state20__
rewrite_state21_1 5 1 r rewrite_state21_5
goto_begin_state_21 * * l goto_begin_state_21
rewrite_state3_2 5 2 r rewrite_state3_5
rewrite_state21a_4 _ 4 r rewrite_state21a__
rewrite_state1_* 3 * r rewrite_state1_3
rewrite_state21_0 9 0 r rewrite_state21_9
rewrite_state20_0 7 0 r rewrite_state20_7
rewrite_statehalt_9 5 9 r rewrite_statehalt_5
rewrite_state3_4 0 4 r rewrite_state3_0
rewrite_state20_4 + 4 r end_state_20_+
rewrite_state1b_2 1 2 r rewrite_state1b_1
rewrite_state2_0 5 0 r rewrite_state2_5
rewrite_state1a_6 6 6 r rewrite_state1a_6
rewrite_state1b_1 3 1 r rewrite_state1b_3
rewrite_state1b_4 5 4 r rewrite_state1b_5
goto_begin_state_2 # # r 2
rewrite_state20__ 8 _ r rewrite_state20_8
rewrite_statehalt_1 _ 1 r rewrite_statehalt__
rewrite_state1_6 3 6 r rewrite_state1_3
rewrite_state4_2 4 2 r rewrite_state4_4
rewrite_state4_0 _ 0 r rewrite_state4__
rewrite_state21a_9 2 9 r rewrite_state21a_2
rewrite_state3_7 5 7 r rewrite_state3_5
rewrite_state4__ 5 _ r rewrite_state4_5
rewrite_state21a_5 5 5 r rewrite_state21a_5
rewrite_state1_* 8 * r rewrite_state1_8
rewrite_state1b_1 1 1 r rewrite_state1b_1
rewrite_statehalt_* 1 * r rewrite_statehalt_1
rewrite_state1b_6 8 6 r rewrite_state1b_8
rewrite_state21a_9 * 9 r rewrite_state21a_*
rewrite_state1b_5 3 5 r rewrite_state1b_3
rewrite_state21a_9 7 9 r rewrite_state21a_7
rewrite_state20_7 8 7 r rewrite_state20_8
rewrite_state1b__ _ _ r rewrite_state1b__
rewrite_statehalt_6 8 6 r rewrite_statehalt_8
rewrite_state1b_3 7 3 r rewrite_state1b_7
rewrite_state21_4 _ 4 r rewrite_state21__
rewrite_state2_2 3 2 r rewrite_state2_3
rewrite_state1a_4 0 4 r rewrite_state1a_0
rewrite_state1a_9 0 9 r rewrite_state1a_0
rewrite_state21_0 _ 0 r rewrite_state21__
rewrite_state20_* 1 * r rewrite_state20_1
push_state1b 1 _ r rewrite_state1b_1
rewrite_state4_0 9 0 r rewrite_state4_9
rewrite_state20_0 1 0 r rewrite_state20_1
rewrite_state20_3 0 3 r rewrite_state20_0
rewrite_state1_1 3 1 r rewrite_state1_3
rewrite_state2_2 8 2 r rewrite_state2_8
rewrite_state21a_5 8 5 r rewrite_state21a_8
20 _ _ l 21
rewrite_state1a_6 9 6 r rewrite_state1a_9
rewrite_1 _ 1 r end_tape
push_state1a 9 _ r rewrite_state1a_9
rewrite_state21__ _ _ r rewrite_state21__
rewrite_state1a_7 4 7 r rewrite_state1a_4
rewrite_state1b_8 2 8 r rewrite_state1b_2
rewrite_state21a_4 1 4 r rewrite_state21a_1
rewrite_state1b_3 8 3 r rewrite_state1b_8
push_statehalt 0 _ r rewrite_statehalt_0
rewrite_state3_3 2 3 r rewrite_state3_2
rewrite_state4_3 4 3 r rewrite_state4_4
rewrite_state20_6 5 6 r rewrite_state20_5
rewrite_statehalt_6 7 6 r rewrite_statehalt_7
rewrite_state4_8 7 8 r rewrite_state4_7
rewrite_state20_8 3 8 r rewrite_state20_3
rewrite_state21a_5 9 5 r rewrite_state21a_9
rewrite_state21a_0 7 0 r rewrite_state21a_7
rewrite_state4_5 3 5 r rewrite_state4_3
rewrite_state21_2 6 2 r rewrite_state21_6
rewrite_state1b__ 8 _ r rewrite_state1b_8
rewrite_statehalt_6 9 6 r rewrite_statehalt_9
rewrite_state21a_3 8 3 r rewrite_state21a_8
rewrite_state21a_1 5 1 r rewrite_state21a_5
rewrite_state3_0 7 0 r rewrite_state3_7
rewrite_statehalt_3 1 3 r rewrite_statehalt_1
rewrite_statehalt_7 9 7 r rewrite_statehalt_9
rewrite_state1_0 1 0 r rewrite_state1_1
rewrite_state21_3 * 3 r rewrite_state21_*
push_state1a 6 _ r rewrite_state1a_6
rewrite_state4_4 7 4 r rewrite_state4_7
push_state4 6 _ r rewrite_state4_6
rewrite_state1b_* + * r end_state_1b_+
21 + + l 21
rewrite_state21_* 7 * r rewrite_state21_7
rewrite_state1a_3 7 3 r rewrite_state1a_7
21a # # r push_state21a
goto_begin_state_4 * * l goto_begin_state_4
rewrite_state3_0 6 0 r rewrite_state3_6
rewrite_state21_6 7 6 r rewrite_state21_7
rewrite_state21_5 _ 5 r rewrite_state21__
rewrite_state3_0 9 0 r rewrite_state3_9
rewrite_state21_3 0 3 r rewrite_state21_0
rewrite_state3_1 7 1 r rewrite_state3_7
rewrite_state1a__ _ _ r rewrite_state1a__
rewrite_state20_4 9 4 r rewrite_state20_9
rewrite_state1_2 0 2 r rewrite_state1_0
rewrite_state1a__ 7 _ r rewrite_state1a_7
rewrite_state3_6 6 6 r rewrite_state3_6
rewrite_state21a_9 _ 9 r rewrite_state21a__
rewrite_state1a_6 5 6 r rewrite_state1a_5
rewrite_state1a_8 6 8 r rewrite_state1a_6
rewrite_state20_0 9 0 r rewrite_state20_9
rewrite_state21a_6 0 6 r rewrite_state21a_0
rewrite_state20_7 + 7 r end_state_20_+
rewrite_state1a_3 8 3 r rewrite_state1a_8
rewrite_state1a_4 * 4 r rewrite_state1a_*
rewrite_state1a_6 0 6 r rewrite_state1a_0
rewrite_state20_1 + 1 r end_state_20_+
rewrite_state1a_8 + 8 r end_state_1a_+
rewrite_state1b_0 4 0 r rewrite_state1b_4
rewrite_state4__ 7 _ r rewrite_state4_7
rewrite_statehalt_7 0 7 r rewrite_statehalt_0
rewrite_state2_4 _ 4 r rewrite_state2__
rewrite_state2_6 8 6 r rewrite_state2_8
rewrite_state4_8 _ 8 r rewrite_state4__
rewrite_state21a_2 7 2 r rewrite_state21a_7
rewrite_state3_8 3 8 r rewrite_state3_3
rewrite_state21a__ _ _ r rewrite_state21a__
push_state20 6 _ r rewrite_state20_6
rewrite_state21_3 8 3 r rewrite_state21_8
rewrite_state2_3 2 3 r rewrite_state2_2
rewrite_state21_4 9 4 r rewrite_state21_9
rewrite_state21_4 1 4 r rewrite_state21_1
push_state21a 0 _ r rewrite_state21a_0
rewrite_state1a_6 8 6 r rewrite_state1a_8
rewrite_state21a_1 8 1 r rewrite_state21a_8
rewrite_state1_* 6 * r rewrite_state1_6
rewrite_state1b_3 3 3 r rewrite_state1b_3
20 + + l 21
rewrite_state4_* 3 * r rewrite_state4_3
rewrite_state1a_1 0 1 r rewrite_state1a_0
rewrite_state21a_1 _ 1 r rewrite_state21a__
rewrite_state1a__ + _ r end_state_1a_+
rewrite_state21_9 + 9 r end_state_21_+
rewrite_statehalt_3 7 3 r rewrite_statehalt_7
rewrite_state3_7 4 7 r rewrite_state3_4
rewrite_state21a_0 * 0 r rewrite_state21a_*
rewrite_state4_5 1 5 r rewrite_state4_1
rewrite_state1a_0 5 0 r rewrite_state1a_5
rewrite_state21__ 9 _ r rewrite_state21_9
rewrite_state1a_0 9 0 r rewrite_state1a_9
rewrite_state21a__ 1 _ r rewrite_state21a_1
rewrite_state3__ _ _ r rewrite_state3__
rewrite_state3_5 6 5 r rewrite_state3_6
rewrite_state4_8 6 8 r rewrite_state4_6
rewrite_state21a_4 9 4 r rewrite_state21a_9
21a * * l 21a
rewrite_state1_9 _ 9 r rewrite_state1__
rewrite_state3_0 * 0 r rewrite_state3_*
rewrite_state20_8 4 8 r rewrite_state20_4
goto_begin_state_halt * * l goto_begin_state_halt
rewrite_state1b_8 1 8 r rewrite_state1b_1
4 _ 1 r 1b
rewrite_state2_1 2 1 r rewrite_state2_2
goto_begin_state_3 * * l goto_begin_state_3
rewrite_state4__ 6 _ r rewrite_state4_6
rewrite_state1b_1 _ 1 r rewrite_state1b__
rewrite_state21__ 8 _ r rewrite_state21_8
rewrite_state2__ 7 _ r rewrite_state2_7
rewrite_statehalt_* 8 * r rewrite_statehalt_8
rewrite_state20_8 5 8 r rewrite_state20_5
rewrite_state1_8 7 8 r rewrite_state1_7
rewrite_state3_9 9 9 r rewrite_state3_9
end_state_4_+ _ + l goto_begin_state_4
rewrite_statehalt_9 _ 9 r rewrite_statehalt__
rewrite_state1_8 5 8 r rewrite_state1_5
rewrite_statehalt_* _ * r rewrite_statehalt__
rewrite_state4_5 _ 5 r rewrite_state4__
rewrite_state3_8 6 8 r rewrite_state3_6
rewrite_state4_0 6 0 r rewrite_state4_6
rewrite_statehalt_0 1 0 r rewrite_statehalt_1
rewrite_state4_8 2 8 r rewrite_state4_2
rewrite_state3_8 5 8 r rewrite_state3_5
rewrite_state21_0 1 0 r rewrite_state21_1
rewrite_state21a_0 4 0 r rewrite_state21a_4
rewrite_state3_4 9 4 r rewrite_state3_9
rewrite_state1_7 4 7 r rewrite_state1_4
rewrite_state1a_2 2 2 r rewrite_state1a_2
rewrite_state20_2 9 2 r rewrite_state20_9
rewrite_state3_9 5 9 r rewrite_state3_5
rewrite_state21_7 1 7 r rewrite_state21_1
rewrite_state21a_7 6 7 r rewrite_state21a_6
rewrite_state3_8 9 8 r rewrite_state3_9
rewrite_statehalt_* 5 * r rewrite_statehalt_5
rewrite_state1b_5 6 5 r rewrite_state1b_6
push_state1 2 _ r rewrite_state1_2
rewrite_state1b_7 5 7 r rewrite_state1b_5
rewrite_state2_4 0 4 r rewrite_state2_0
rewrite_state2_3 0 3 r rewrite_state2_0
rewrite_state1a_3 0 3 r rewrite_state1a_0
rewrite_state1_0 7 0 r rewrite_state1_7
rewrite_state1_0 8 0 r rewrite_state1_8
push_state21 5 _ r rewrite_state21_5
rewrite_state1_8 9 8 r rewrite_state1_9
rewrite_state21_7 0 7 r rewrite_state21_0
rewrite_state1_1 + 1 r end_state_1_+
rewrite_state1a_3 5 3 r rewrite_state1a_5
rewrite_state20_3 5 3 r rewrite_state20_5
rewrite_state1b_8 9 8 r rewrite_state1b_9
rewrite_state1b_3 _ 3 r rewrite_state1b__
push_state4 9 _ r rewrite_state4_9
2 0 1 l 2
rewrite_state21_5 2 5 r rewrite_state21_2
rewrite_state1b_8 + 8 r end_state_1b_+
rewrite_state1a_9 + 9 r end_state_1a_+
rewrite_statehalt_9 7 9 r rewrite_statehalt_7
rewrite_state2__ 0 _ r rewrite_state2_0
rewrite_state21a_8 9 8 r rewrite_state21a_9
rewrite_state1_2 9 2 r rewrite_state1_9
rewrite_statehalt_2 2 2 r rewrite_statehalt_2
rewrite_state1_9 0 9 r rewrite_state1_0
push_state3 _ _ r rewrite_state3__
rewrite_state1b_7 7 7 r rewrite_state1b_7
rewrite_state1_7 + 7 r end_state_1_+
rewrite_state1b_3 2 3 r rewrite_state1b_2
rewrite_state21a_3 0 3 r rewrite_state21a_0
rewrite_state2_8 4 8 r rewrite_state2_4
rewrite_state4_* 2 * r rewrite_state4_2
rewrite_state20_* _ * r rewrite_state20__
push_state4 2 _ r rewrite_state4_2
rewrite_state4_9 0 9 r rewrite_state4_0
rewrite_state1a_7 3 7 r rewrite_state1a_3
rewrite_state21a_3 * 3 r rewrite_state21a_*
rewrite_state1_9 5 9 r rewrite_state1_5
rewrite_state1a_9 7 9 r rewrite_state1a_7
rewrite_state2_5 3 5 r rewrite_state2_3
rewrite_state3__ 8 _ r rewrite_state3_8
rewrite_statehalt_8 0 8 r rewrite_statehalt_0
rewrite_state1b_6 1 6 r rewrite_state1b_1
rewrite_state1_6 * 6 r rewrite_state1_*
rewrite_state1_9 3 9 r rewrite_state1_3
rewrite_state1b__ 4 _ r rewrite_state1b_4
rewrite_state20_5 1 5 r rewrite_state20_1
rewrite_state1a_* + * r end_state_1a_+
rewrite_state4_6 8 6 r rewrite_state4_8
rewrite_state3_9 8 9 r rewrite_state3_8
rewrite_state2_4 8 4 r rewrite_state2_8
rewrite_state4_* _ * r rewrite_state4__
rewrite_state1_5 + 5 r end_state_1_+
rewrite_state21_0 0 0 r rewrite_state21_0
rewrite_state21_2 9 2 r rewrite_state21_9
rewrite_state2_4 * 4 r rewrite_state2_*
rewrite_state20__ 9 _ r rewrite_state20_9
rewrite_state2_3 9 3 r rewrite_state2_9
rewrite_statehalt_4 4 4 r rewrite_statehalt_4
rewrite_state1a__ 4 _ r rewrite_state1a_4
rewrite_state21_0 * 0 r rewrite_state21_*
rewrite_state20_5 7 5 r rewrite_state20_7
rewrite_state3_5 8 5 r rewrite_state3_8
rewrite_state1a_8 1 8 r rewrite_state1a_1
rewrite_state1_7 0 7 r rewrite_state1_0
rewrite_state1b_7 4 7 r rewrite_state1b_4
rewrite_state1a_3 1 3 r rewrite_state1a_1
rewrite_state1_3 8 3 r rewrite_state1_8
rewrite_state21_8 7 8 r rewrite_state21_7
rewrite_state4_2 3 2 r rewrite_state4_3
rewrite_state1a_8 0 8 r rewrite_state1a_0
rewrite_state1b_5 + 5 r end_state_1b_+
rewrite_state21a_9 4 9 r rewrite_state21a_4
rewrite_statehalt_3 * 3 r rewrite_statehalt_*
rewrite_state1_1 9 1 r rewrite_state1_9
rewrite_state1b_4 7 4 r rewrite_state1b_7
rewrite_state1b_4 * 4 r rewrite_state1b_*
rewrite_state20_7 3 7 r rewrite_state20_3
rewrite_state1_1 2 1 r rewrite_state1_2
rewrite_state2_0 3 0 r rewrite_state2_3
rewrite_state1a_1 3 1 r rewrite_state1a_3
rewrite_state2_6 2 6 r rewrite_state2_2
rewrite_state21_9 8 9 r rewrite_state21_8
rewrite_state20_8 0 8 r rewrite_state20_0
rewrite_state4_9 9 9 r rewrite_state4_9
rewrite_state4_9 4 9 r rewrite_state4_4
rewrite_state2__ * _ r rewrite_state2_*
rewrite_state20_4 8 4 r rewrite_state20_8
rewrite_state4_1 7 1 r rewrite_state4_7
rewrite_state21_4 + 4 r end_state_21_+
rewrite_state1_5 4 5 r rewrite_state1_4
rewrite_state1a_1 8 1 r rewrite_state1a_8
rewrite_state2_8 0 8 r rewrite_state2_0
rewrite_state21a_2 _ 2 r rewrite_state21a__
rewrite_state20_2 4 2 r rewrite_state20_4
rewrite_state2_1 * 1 r rewrite_state2_*
push_state1a 1 _ r rewrite_state1a_1
push_state1 8 _ r rewrite_state1_8
rewrite_state21_2 4 2 r rewrite_state21_4
rewrite_state1b_6 4 6 r rewrite_state1b_4
end_state_1a_+ _ + l goto_begin_state_1a
rewrite_state1_7 2 7 r rewrite_state1_2
rewrite_state21_5 4 5 r rewrite_state21_4
1 * * r 1a
rewrite_state1a_2 * 2 r rewrite_state1a_*
rewrite_state4_4 5 4 r rewrite_state4_5
rewrite_state3_1 3 1 r rewrite_state3_3
rewrite_state1b__ 3 _ r rewrite_state1b_3
rewrite_state4_1 9 1 r rewrite_state4_9
push_statehalt 1 _ r rewrite_statehalt_1
rewrite_state4_0 5 0 r rewrite_state4_5
rewrite_statehalt_6 + 6 r end_state_halt_+
goto_begin_state_21 # # r 21
push_state21a * _ r rewrite_state21a_*
rewrite_state21a__ 6 _ r rewrite_state21a_6
rewrite_state4_7 4 7 r rewrite_state4_4
rewrite_state2__ _ _ r rewrite_state2__
rewrite_state21_4 0 4 r rewrite_state21_0
rewrite_state1a_4 1 4 r rewrite_state1a_1
rewrite_state2_* 5 * r rewrite_state2_5
rewrite_state21_6 _ 6 r rewrite_state21__
rewrite_state2_4 5 4 r rewrite_state2_5
push_state20 2 _ r rewrite_state20_2
rewrite_statehalt_8 8 8 r rewrite_statehalt_8
rewrite_state1_2 2 2 r rewrite_state1_2
push_state21a 1 _ r rewrite_state21a_1
rewrite_state3_1 * 1 r rewrite_state3_*
rewrite_state1b_8 8 8 r rewrite_state1b_8
rewrite_state3_7 7 7 r rewrite_state3_7
rewrite_state1a_6 _ 6 r rewrite_state1a__
rewrite_state21_8 3 8 r rewrite_state21_3
rewrite_state21_1 6 1 r rewrite_state21_6
rewrite_state20__ 5 _ r rewrite_state20_5
rewrite_state20_7 1 7 r rewrite_state20_1
rewrite_state1b_9 4 9 r rewrite_state1b_4
rewrite_statehalt_* + * r end_state_halt_+
rewrite_state20_1 * 1 r rewrite_state20_*
rewrite_state3_9 2 9 r rewrite_state3_2
initial_state * * * 1
rewrite_state21a_* 2 * r rewrite_state21a_2
rewrite_state20_* 2 * r rewrite_state20_2
rewrite_state1a_0 _ 0 r rewrite_state1a__
rewrite_state21a_4 5 4 r rewrite_state21a_5
rewrite_state2_3 6 3 r rewrite_state2_6
rewrite_state2_2 4 2 r rewrite_state2_4
rewrite_state20_0 * 0 r rewrite_state20_*
rewrite_state1_9 4 9 r rewrite_state1_4
rewrite_state3_2 * 2 r rewrite_state3_*
rewrite_state1b_3 * 3 r rewrite_state1b_*
push_state1b 4 _ r rewrite_state1b_4
rewrite_state20_3 8 3 r rewrite_state20_8
rewrite_state1_0 3 0 r rewrite_state1_3
rewrite_state2_2 1 2 r rewrite_state2_1
rewrite_state4_7 3 7 r rewrite_state4_3
rewrite_state20_9 5 9 r rewrite_state20_5
rewrite_state20_5 0 5 r rewrite_state20_0
rewrite_state4_1 + 1 r end_state_4_+
rewrite_state1b_6 2 6 r rewrite_state1b_2
rewrite_state21a_1 0 1 r rewrite_state21a_0
rewrite_state20_9 + 9 r end_state_20_+
rewrite_state1_4 + 4 r end_state_1_+
rewrite_state20_0 3 0 r rewrite_state20_3
rewrite_state1b_0 3 0 r rewrite_state1b_3
rewrite_state4_1 * 1 r rewrite_state4_*
rewrite_state3_3 9 3 r rewrite_state3_9
rewrite_statehalt_9 9 9 r rewrite_statehalt_9
rewrite_state3_8 7 8 r rewrite_state3_7
rewrite_state3_7 0 7 r rewrite_state3_0
rewrite_statehalt_8 + 8 r end_state_halt_+
rewrite_state1b_3 1 3 r rewrite_state1b_1
rewrite_state1a_4 4 4 r rewrite_state1a_4
rewrite_state1b_0 6 0 r rewrite_state1b_6
rewrite_state2_3 5 3 r rewrite_state2_5
rewrite_state1_2 6 2 r rewrite_state1_6
rewrite_state3_2 1 2 r rewrite_state3_1
rewrite_state21_7 2 7 r rewrite_state21_2
rewrite_state21_5 6 5 r rewrite_state21_6
rewrite_state20_8 1 8 r rewrite_state20_1
rewrite_0 1 0 r rewrite_1
rewrite_state20_4 3 4 r rewrite_state20_3
rewrite_state21_7 3 7 r rewrite_state21_3
rewrite_state21_9 6 9 r rewrite_state21_6
rewrite_state2_2 5 2 r rewrite_state2_5
rewrite_state21a_6 + 6 r end_state_21a_+
rewrite_state2_8 8 8 r rewrite_state2_8
rewrite_state3_8 1 8 r rewrite_state3_1
rewrite_state20_8 8 8 r rewrite_state20_8
rewrite_state1_9 + 9 r end_state_1_+
rewrite_state1b_2 7 2 r rewrite_state1b_7
rewrite_state20_9 2 9 r rewrite_state20_2
rewrite_state21_* 9 * r rewrite_state21_9
rewrite_state1_3 6 3 r rewrite_state1_6
rewrite_state1a_* 5 * r rewrite_state1a_5
rewrite_state2_1 3 1 r rewrite_state2_3
rewrite_state2_7 7 7 r rewrite_state2_7
rewrite_statehalt_0 8 0 r rewrite_statehalt_8
rewrite_statehalt_0 3 0 r rewrite_statehalt_3
rewrite_state20_5 + 5 r end_state_20_+
rewrite_state20_7 6 7 r rewrite_state20_6
rewrite_state2__ 8 _ r rewrite_state2_8
rewrite_state3_3 6 3 r rewrite_state3_6
rewrite_state2__ 2 _ r rewrite_state2_2
rewrite_state21_1 4 1 r rewrite_state21_4
rewrite_state3_5 4 5 r rewrite_state3_4
push_state21 9 _ r rewrite_state21_9
rewrite_state1b_3 0 3 r rewrite_state1b_0
rewrite_state1b_2 _ 2 r rewrite_state1b__
rewrite_statehalt_0 9 0 r rewrite_statehalt_9
rewrite_state4_1 2 1 r rewrite_state4_2
push_state4 8 _ r rewrite_state4_8
push_state1b 2 _ r rewrite_state1b_2
rewrite_state4_5 0 5 r rewrite_state4_0
push_state3 8 _ r rewrite_state3_8
2 # # r push_state2
rewrite_state20_9 4 9 r rewrite_state20_4
rewrite_state3_6 9 6 r rewrite_state3_9
rewrite_state1a__ 1 _ r rewrite_state1a_1
rewrite_state20_5 3 5 r rewrite_state20_3
rewrite_state1a_9 * 9 r rewrite_state1a_*
rewrite_state1_3 3 3 r rewrite_state1_3
rewrite_state1b_6 + 6 r end_state_1b_+
rewrite_state1b_3 + 3 r end_state_1b_+
rewrite_state21a__ 0 _ r rewrite_state21a_0
rewrite_0 _ 0 r end_tape
rewrite_statehalt_2 5 2 r rewrite_statehalt_5
rewrite_state1b_2 8 2 r rewrite_state1b_8
rewrite_statehalt_3 9 3 r rewrite_statehalt_9
rewrite_state20__ + _ r end_state_20_+
rewrite_state21_3 5 3 r rewrite_state21_5
rewrite_state2_7 4 7 r rewrite_state2_4
rewrite_state1a_0 7 0 r rewrite_state1a_7
rewrite_state4_0 8 0 r rewrite_state4_8
push_state3 5 _ r rewrite_state3_5
rewrite_state1a_1 7 1 r rewrite_state1a_7
rewrite_state20_* 5 * r rewrite_state20_5
rewrite_state21_4 * 4 r rewrite_state21_*
rewrite_state21_9 4 9 r rewrite_state21_4
rewrite_state4_0 7 0 r rewrite_state4_7
rewrite_state1_4 2 4 r rewrite_state1_2
rewrite_state3_* 1 * r rewrite_state3_1
rewrite_state20_0 0 0 r rewrite_state20_0
rewrite_state1a_3 + 3 r end_state_1a_+
rewrite_state1a_7 6 7 r rewrite_state1a_6
push_state1a 7 _ r rewrite_state1a_7
rewrite_state2_8 + 8 r end_state_2_+
rewrite_state21a_* 0 * r rewrite_state21a_0
rewrite_state3__ 7 _ r rewrite_state3_7
rewrite_state3_1 9 1 r rewrite_state3_9
push_state1 4 _ r rewrite_state1_4
rewrite_state21a_7 + 7 r end_state_21a_+
rewrite_state3_0 0 0 r rewrite_state3_0
goto_begin_state_20 # # r 20
rewrite_state20_5 4 5 r rewrite_state20_4
rewrite_state1a_4 7 4 r rewrite_state1a_7
rewrite_state20_7 4 7 r rewrite_state20_4
rewrite_statehalt_7 _ 7 r rewrite_statehalt__
rewrite_state4_* * * r rewrite_state4_*
rewrite_state1a_2 6 2 r rewrite_state1a_6
4 5 6 r 1b
rewrite_state4_7 _ 7 r rewrite_state4__
rewrite_state20_9 3 9 r rewrite_state20_3
rewrite_state4_* 5 * r rewrite_state4_5
rewrite_state1_8 3 8 r rewrite_state1_3
rewrite_state2_9 _ 9 r rewrite_state2__
rewrite_state20_0 + 0 r end_state_20_+
rewrite_state21a_* 5 * r rewrite_state21a_5
rewrite_statehalt_1 8 1 r rewrite_statehalt_8
rewrite_statehalt__ 6 _ r rewrite_statehalt_6
rewrite_state1_0 6 0 r rewrite_state1_6
rewrite_state21a_6 3 6 r rewrite_state21a_3
rewrite_state2_1 9 1 r rewrite_state2_9
rewrite_state1_5 1 5 r rewrite_state1_1
rewrite_state21a_5 _ 5 r rewrite_state21a__
rewrite_state1a_5 5 5 r rewrite_state1a_5
rewrite_state4__ 0 _ r rewrite_state4_0
rewrite_state1b_9 _ 9 r rewrite_state1b__
rewrite_state2_6 + 6 r end_state_2_+
rewrite_state21a_6 _ 6 r rewrite_state21a__
rewrite_state2_7 * 7 r rewrite_state2_*
rewrite_state1_5 _ 5 r rewrite_state1__
rewrite_state21a_* 4 * r rewrite_state21a_4
rewrite_state21_8 1 8 r rewrite_state21_1
rewrite_statehalt_7 1 7 r rewrite_statehalt_1
rewrite_state1a_8 * 8 r rewrite_state1a_*
rewrite_state3_2 3 2 r rewrite_state3_3
rewrite_state1b_6 3 6 r rewrite_state1b_3
rewrite_state20_1 5 1 r rewrite_state20_5
rewrite_state1b_4 8 4 r rewrite_state1b_8
rewrite_state1a_5 2 5 r rewrite_state1a_2
rewrite_state21a_1 * 1 r rewrite_state21a_*
rewrite_state2_8 1 8 r rewrite_state2_1
rewrite_state1b_4 4 4 r rewrite_state1b_4
push_state21 4 _ r rewrite_state21_4
rewrite_state3_2 6 2 r rewrite_state3_6
rewrite_state4_2 * 2 r rewrite_state4_*
rewrite_state20_1 9 1 r rewrite_state20_9
rewrite_state1b_4 + 4 r end_state_1b_+
rewrite_state2__ 1 _ r rewrite_state2_1
rewrite_statehalt_5 1 5 r rewrite_statehalt_1
rewrite_state20_8 _ 8 r rewrite_state20__
rewrite_state21_8 + 8 r end_state_21_+
rewrite_state1b_1 8 1 r rewrite_state1b_8
rewrite_state3_1 5 1 r rewrite_state3_5
rewrite_state21a__ * _ r rewrite_state21a_*
rewrite_state4_2 9 2 r rewrite_state4_9
rewrite_state2_0 + 0 r end_state_2_+
rewrite_state21_5 1 5 r rewrite_state21_1
rewrite_state1_0 9 0 r rewrite_state1_9
rewrite_state4_* 1 * r rewrite_state4_1
rewrite_state3_2 7 2 r rewrite_state3_7
rewrite_state3_4 _ 4 r rewrite_state3__
rewrite_state21a_3 7 3 r rewrite_state21a_7
rewrite_state21a_3 2 3 r rewrite_state21a_2
push_state4 0 _ r rewrite_state4_0
rewrite_state2__ 9 _ r rewrite_state2_9
rewrite_state1a_0 4 0 r rewrite_state1a_4
rewrite_state1_0 2 0 r rewrite_state1_2
rewrite_state2_8 _ 8 r rewrite_state2__
rewrite_state2_9 6 9 r rewrite_state2_6
rewrite_state3_3 3 3 r rewrite_state3_3
rewrite_state1_9 1 9 r rewrite_state1_1
rewrite_state1_8 * 8 r rewrite_state1_*
rewrite_state21a_0 3 0 r rewrite_state21a_3
rewrite_state3_7 9 7 r rewrite_state3_9
rewrite_state4_7 6 7 r rewrite_state4_6
rewrite_state20_9 0 9 r rewrite_state20_0
rewrite_state21a_5 2 5 r rewrite_state21a_2
rewrite_state1b_8 3 8 r rewrite_state1b_3
rewrite_state21a_8 * 8 r rewrite_state21a_*
rewrite_state21_9 9 9 r rewrite_state21_9
rewrite_state1a_1 5 1 r rewrite_state1a_5
rewrite_statehalt_8 2 8 r rewrite_statehalt_2
rewrite_state20_4 6 4 r rewrite_state20_6
rewrite_state21a_8 5 8 r rewrite_state21a_5
rewrite_state21a_4 8 4 r rewrite_state21a_8
rewrite_state3_1 _ 1 r rewrite_state3__
rewrite_state21a__ 9 _ r rewrite_state21a_9
rewrite_state21_2 8 2 r rewrite_state21_8
rewrite_state4_3 0 3 r rewrite_state4_0
rewrite_state3_3 0 3 r rewrite_state3_0
rewrite_state20_* 9 * r rewrite_state20_9
rewrite_state1a_3 9 3 r rewrite_state1a_9
rewrite_statehalt__ 9 _ r rewrite_statehalt_9
rewrite_state21_0 6 0 r rewrite_state21_6
rewrite_statehalt_5 9 5 r rewrite_statehalt_9
push_state21 3 _ r rewrite_state21_3
rewrite_state1a_8 5 8 r rewrite_state1a_5
rewrite_state1b__ 2 _ r rewrite_state1b_2
rewrite_state21a_4 6 4 r rewrite_state21a_6
push_state1b 0 _ r rewrite_state1b_0
rewrite_state1a_9 _ 9 r rewrite_state1a__
rewrite_state1a__ 8 _ r rewrite_state1a_8
rewrite_statehalt_4 0 4 r rewrite_statehalt_0
rewrite_state1a_9 3 9 r rewrite_state1a_3
rewrite_statehalt_6 1 6 r rewrite_statehalt_1
rewrite_state21a_0 _ 0 r rewrite_state21a__
rewrite_state2_* 6 * r rewrite_state2_6
rewrite_state3_6 _ 6 r rewrite_state3__
rewrite_state2_* _ * r rewrite_state2__
rewrite_state20_2 2 2 r rewrite_state20_2
push_state2 4 _ r rewrite_state2_4
rewrite_state3_* 2 * r rewrite_state3_2
push_state4 3 _ r rewrite_state4_3
rewrite_state21a_2 2 2 r rewrite_state21a_2
rewrite_state3_4 1 4 r rewrite_state3_1
rewrite_state21_3 + 3 r end_state_21_+
rewrite_state2__ 4 _ r rewrite_state2_4
rewrite_state3_4 * 4 r rewrite_state3_*
rewrite_state3_9 3 9 r rewrite_state3_3
push_state1 * _ r rewrite_state1_*
rewrite_state1b_* 0 * r rewrite_state1b_0
20 # # r push_state20
rewrite_state4_1 _ 1 r rewrite_state4__
rewrite_state1b_2 6 2 r rewrite_state1b_6
end_state_halt_+ _ + l goto_begin_state_halt
rewrite_state2_8 6 8 r rewrite_state2_6
push_state2 1 _ r rewrite_state2_1
rewrite_state20_7 2 7 r rewrite_state20_2
rewrite_state2_7 2 7 r rewrite_state2_2
rewrite_state21_1 3 1 r rewrite_state21_3
1a * * r 1a
rewrite_statehalt_0 0 0 r rewrite_statehalt_0
rewrite_state2_4 4 4 r rewrite_state2_4
rewrite_state1a_9 2 9 r rewrite_state1a_2
rewrite_state1a_2 9 2 r rewrite_state1a_9
rewrite_state20_0 4 0 r rewrite_state20_4
rewrite_state2_7 6 7 r rewrite_state2_6
rewrite_state21a_* 1 * r rewrite_state21a_1
rewrite_state1__ 1 _ r rewrite_state1_1
rewrite_state1_7 5 7 r rewrite_state1_5
rewrite_state2_5 0 5 r rewrite_state2_0
rewrite_statehalt_4 _ 4 r rewrite_statehalt__
rewrite_state3__ 3 _ r rewrite_state3_3
rewrite_state1b_6 5 6 r rewrite_state1b_5
rewrite_state1_* 7 * r rewrite_state1_7
rewrite_state2_5 4 5 r rewrite_state2_4
push_state1a 3 _ r rewrite_state1a_3
rewrite_state21a_1 4 1 r rewrite_state21a_4
rewrite_state21_3 9 3 r rewrite_state21_9
rewrite_state1a_2 4 2 r rewrite_state1a_4
rewrite_state4__ 4 _ r rewrite_state4_4
rewrite_state1a_5 * 5 r rewrite_state1a_*
rewrite_statehalt_6 5 6 r rewrite_statehalt_5
rewrite_state20_6 6 6 r rewrite_state20_6
4 7 8 r 1b
rewrite_state1b_2 4 2 r rewrite_state1b_4
rewrite_state1_2 8 2 r rewrite_state1_8
rewrite_state1b_2 2 2 r rewrite_state1b_2
rewrite_statehalt_* 4 * r rewrite_statehalt_4
rewrite_statehalt__ 3 _ r rewrite_statehalt_3
push_state21 8 _ r rewrite_state21_8
rewrite_state1b_9 + 9 r end_state_1b_+
rewrite_state20_3 2 3 r rewrite_state20_2
rewrite_state4_3 7 3 r rewrite_state4_7
rewrite_statehalt_2 4 2 r rewrite_statehalt_4
rewrite_state2_2 _ 2 r rewrite_state2__
rewrite_state1b_4 1 4 r rewrite_state1b_1
rewrite_state20_7 _ 7 r rewrite_state20__
rewrite_state1_2 4 2 r rewrite_state1_4
rewrite_state1a_9 1 9 r rewrite_state1a_1
push_state4 4 _ r rewrite_state4_4
rewrite_state3_* 9 * r rewrite_state3_9
rewrite_state3_9 7 9 r rewrite_state3_7
rewrite_state20_0 2 0 r rewrite_state20_2
rewrite_state20_* 6 * r rewrite_state20_6
rewrite_state3_3 4 3 r rewrite_state3_4
rewrite_state1_0 0 0 r rewrite_state1_0
rewrite_state2_5 + 5 r end_state_2_+
rewrite_state1a_3 2 3 r rewrite_state1a_2
rewrite_statehalt_7 2 7 r rewrite_statehalt_2
rewrite_state4__ 3 _ r rewrite_state4_3
rewrite_state21a_6 5 6 r rewrite_state21a_5
rewrite_state21__ 3 _ r rewrite_state21_3
rewrite_state20_2 8 2 r rewrite_state20_8
rewrite_state21a_3 9 3 r rewrite_state21a_9
rewrite_state4_6 9 6 r rewrite_state4_9
rewrite_state1_4 5 4 r rewrite_state1_5
rewrite_state1_2 1 2 r rewrite_state1_1
rewrite_state3_4 7 4 r rewrite_state3_7
rewrite_state1a_2 3 2 r rewrite_state1a_3
push_statehalt 8 _ r rewrite_statehalt_8
rewrite_state21a_2 6 2 r rewrite_state21a_6
push_state21a 6 _ r rewrite_state21a_6
rewrite_state2_0 2 0 r rewrite_state2_2
rewrite_statehalt_5 0 5 r rewrite_statehalt_0
rewrite_state1_9 * 9 r rewrite_state1_*
rewrite_state3_3 + 3 r end_state_3_+
rewrite_state21a_8 + 8 r end_state_21a_+
rewrite_state3_1 8 1 r rewrite_state3_8
4 4 5 r 1b
rewrite_state3_5 2 5 r rewrite_state3_2
rewrite_statehalt_5 7 5 r rewrite_statehalt_7
rewrite_state1_1 4 1 r rewrite_state1_4
rewrite_state21_6 * 6 r rewrite_state21_*
rewrite_state21a_7 3 7 r rewrite_state21a_3
rewrite_state2_5 5 5 r rewrite_state2_5
rewrite_state4_1 0 1 r rewrite_state4_0
rewrite_statehalt_8 7 8 r rewrite_statehalt_7
rewrite_state1a_3 _ 3 r rewrite_state1a__
push_state4 5 _ r rewrite_state4_5
rewrite_state1_7 1 7 r rewrite_state1_1
rewrite_state3_9 _ 9 r rewrite_state3__
push_state1a 4 _ r rewrite_state1a_4
rewrite_state21_8 8 8 r rewrite_state21_8
push_state3 1 _ r rewrite_state3_1
push_state21a _ _ r rewrite_state21a__
rewrite_state4_3 _ 3 r rewrite_state4__
goto_begin_state_halt # # r halt
rewrite_state21_* 2 * r rewrite_state21_2
rewrite_state20_* + * r end_state_20_+
rewrite_state3__ 9 _ r rewrite_state3_9
push_state20 7 _ r rewrite_state20_7
rewrite_state4_5 6 5 r rewrite_state4_6
rewrite_state3_0 2 0 r rewrite_state3_2
rewrite_state3_* + * r end_state_3_+
rewrite_state20_2 * 2 r rewrite_state20_*
rewrite_state4_9 * 9 r rewrite_state4_*
rewrite_state2_3 8 3 r rewrite_state2_8
rewrite_state20_5 * 5 r rewrite_state20_*
rewrite_state3_1 6 1 r rewrite_state3_6
rewrite_state1b_0 7 0 r rewrite_state1b_7
rewrite_statehalt_* 9 * r rewrite_statehalt_9
rewrite_state21_0 7 0 r rewrite_state21_7
rewrite_state2_6 9 6 r rewrite_state2_9
rewrite_state2_8 * 8 r rewrite_state2_*
rewrite_state4_5 5 5 r rewrite_state4_5
rewrite_state1__ 0 _ r rewrite_state1_0
rewrite_state4__ 9 _ r rewrite_state4_9
rewrite_state21_* 4 * r rewrite_state21_4
rewrite_state1b_9 7 9 r rewrite_state1b_7
rewrite_state2_1 1 1 r rewrite_state2_1
rewrite_state21_9 2 9 r rewrite_state21_2
rewrite_state21_7 6 7 r rewrite_state21_6
rewrite_state1_1 1 1 r rewrite_state1_1
rewrite_state1a_0 + 0 r end_state_1a_+
push_state20 5 _ r rewrite_state20_5
rewrite_state4_7 0 7 r rewrite_state4_0
push_state3 * _ r rewrite_state3_*
rewrite_state21_5 0 5 r rewrite_state21_0
rewrite_state3__ 2 _ r rewrite_state3_2
rewrite_state4_0 0 0 r rewrite_state4_0
rewrite_state20_4 5 4 r rewrite_state20_5
push_statehalt * _ r rewrite_statehalt_*
push_statehalt 9 _ r rewrite_statehalt_9
rewrite_state2_1 + 1 r end_state_2_+
rewrite_state20_0 8 0 r rewrite_state20_8
rewrite_state2_* 9 * r rewrite_state2_9
rewrite_state4_* 4 * r rewrite_state4_4
rewrite_state21_7 7 7 r rewrite_state21_7
rewrite_state1_2 3 2 r rewrite_state1_3
rewrite_state21_0 8 0 r rewrite_state21_8
rewrite_statehalt_9 2 9 r rewrite_statehalt_2
rewrite_state21a_* 3 * r rewrite_state21a_3
rewrite_state20_1 2 1 r rewrite_state20_2
rewrite_state3_5 1 5 r rewrite_state3_1
push_state1 1 _ r rewrite_state1_1
2 _ _ r 20
rewrite_state2_4 1 4 r rewrite_state2_1
rewrite_state1_8 6 8 r rewrite_state1_6
rewrite_state1b_0 8 0 r rewrite_state1b_8
rewrite_state1_7 9 7 r rewrite_state1_9
rewrite_state21_6 2 6 r rewrite_state21_2
rewrite_statehalt_2 0 2 r rewrite_statehalt_0
rewrite_state21a_9 8 9 r rewrite_state21a_8
rewrite_state1_1 5 1 r rewrite_state1_5
rewrite_state1a_4 8 4 r rewrite_state1a_8
rewrite_state21a_1 3 1 r rewrite_state21a_3
rewrite_state1a_8 9 8 r rewrite_state1a_9
rewrite_state1_2 + 2 r end_state_1_+
rewrite_state2_0 1 0 r rewrite_state2_1
rewrite_state2_1 4 1 r rewrite_state2_4
rewrite_state3_3 1 3 r rewrite_state3_1
rewrite_state21a_5 1 5 r rewrite_state21a_1
rewrite_state1b_2 3 2 r rewrite_state1b_3
rewrite_state3_9 * 9 r rewrite_state3_*
rewrite_state4_6 4 6 r rewrite_state4_4
rewrite_state4_3 5 3 r rewrite_state4_5
rewrite_state3_0 8 0 r rewrite_state3_8
rewrite_state21a_3 _ 3 r rewrite_state21a__
rewrite_state1a_7 + 7 r end_state_1a_+
rewrite_state1_9 8 9 r rewrite_state1_8
rewrite_state3_6 1 6 r rewrite_state3_1
rewrite_state1b_9 3 9 r rewrite_state1b_3
rewrite_statehalt_0 + 0 r end_state_halt_+
rewrite_state3_1 + 1 r end_state_3_+
push_statehalt 4 _ r rewrite_statehalt_4
rewrite_statehalt_5 _ 5 r rewrite_statehalt__
end_state_2_+ _ + l goto_begin_state_2
rewrite_state21_9 3 9 r rewrite_state21_3
rewrite_state1a_5 1 5 r rewrite_state1a_1
rewrite_state1_6 6 6 r rewrite_state1_6
3 # # r push_state3
rewrite_state3_8 8 8 r rewrite_state3_8
rewrite_state1a_9 9 9 r rewrite_state1a_9
2 1 0 l 3
push_state21 _ _ r rewrite_state21__
rewrite_state21a_5 * 5 r rewrite_state21a_*
rewrite_state1_* 0 * r rewrite_state1_0
rewrite_state3_* 6 * r rewrite_state3_6
rewrite_state1a_6 2 6 r rewrite_state1a_2
rewrite_state1a_5 6 5 r rewrite_state1a_6
rewrite_state21a_7 * 7 r rewrite_state21a_*
rewrite_state21a_5 3 5 r rewrite_state21a_3
rewrite_state2_2 * 2 r rewrite_state2_*
push_state3 4 _ r rewrite_state3_4
rewrite_state1b_0 9 0 r rewrite_state1b_9
rewrite_state3_5 9 5 r rewrite_state3_9
rewrite_state21_9 7 9 r rewrite_state21_7
rewrite_state3__ 5 _ r rewrite_state3_5
rewrite_state2_8 9 8 r rewrite_state2_9
rewrite_state21_6 5 6 r rewrite_state21_5
push_state21 * _ r rewrite_state21_*
rewrite_state21a_7 1 7 r rewrite_state21a_1
rewrite_state20_3 6 3 r rewrite_state20_6
rewrite_state1_1 _ 1 r rewrite_state1__
rewrite_statehalt_4 1 4 r rewrite_statehalt_1
rewrite_state1a_9 4 9 r rewrite_state1a_4
rewrite_state1a_7 1 7 r rewrite_state1a_1
rewrite_state2_3 + 3 r end_state_2_+
rewrite_state1a__ 5 _ r rewrite_state1a_5
rewrite_state4_7 9 7 r rewrite_state4_9
rewrite_state1b_9 8 9 r rewrite_state1b_8
rewrite_state3_4 6 4 r rewrite_state3_6
rewrite_state1a_0 * 0 r rewrite_state1a_*
rewrite_state21_5 3 5 r rewrite_state21_3
rewrite_state1a_7 8 7 r rewrite_state1a_8
rewrite_state2_6 * 6 r rewrite_state2_*
rewrite_state20_2 + 2 r end_state_20_+
rewrite_state1b_4 9 4 r rewrite_state1b_9
rewrite_state1b_7 3 7 r rewrite_state1b_3
rewrite_state21a_1 1 1 r rewrite_state21a_1
rewrite_state20_7 7 7 r rewrite_state20_7
rewrite_state4_4 + 4 r end_state_4_+
rewrite_state3_0 3 0 r rewrite_state3_3
rewrite_state3_0 5 0 r rewrite_state3_5
rewrite_state1b_0 + 0 r end_state_1b_+
rewrite_statehalt_6 3 6 r rewrite_statehalt_3
rewrite_state20_5 9 5 r rewrite_state20_9
rewrite_state4_4 8 4 r rewrite_state4_8
rewrite_state1b_* 2 * r rewrite_state1b_2
rewrite_state3_* 7 * r rewrite_state3_7
rewrite_0 0 0 r rewrite_0
rewrite_state1_4 8 4 r rewrite_state1_8
rewrite_state20_4 4 4 r rewrite_state20_4
rewrite_state21_1 0 1 r rewrite_state21_0
rewrite_1 0 1 r rewrite_0
rewrite_state1_0 _ 0 r rewrite_state1__
rewrite_state1b_3 4 3 r rewrite_state1b_4
rewrite_state20_4 _ 4 r rewrite_state20__
rewrite_state2_9 1 9 r rewrite_state2_1
rewrite_state3_5 * 5 r rewrite_state3_*
rewrite_state21a__ 5 _ r rewrite_state21a_5
rewrite_state4_8 5 8 r rewrite_state4_5
rewrite_state3_7 * 7 r rewrite_state3_*
rewrite_statehalt_7 7 7 r rewrite_statehalt_7
rewrite_state1b_8 _ 8 r rewrite_state1b__
rewrite_state1_* 9 * r rewrite_state1_9
rewrite_state21a_3 1 3 r rewrite_state21a_1
rewrite_state20_2 5 2 r rewrite_state20_5
rewrite_state1a_3 * 3 r rewrite_state1a_*
rewrite_state3_6 5 6 r rewrite_state3_5
rewrite_statehalt_* 7 * r rewrite_statehalt_7
rewrite_state21a_0 + 0 r end_state_21a_+
rewrite_state20_1 0 1 r rewrite_state20_0
rewrite_state1b_1 6 1 r rewrite_state1b_6
rewrite_state4_8 + 8 r end_state_4_+
rewrite_state4_4 0 4 r rewrite_state4_0
rewrite_state20_9 7 9 r rewrite_state20_7
rewrite_state4_4 _ 4 r rewrite_state4__
rewrite_state2_4 + 4 r end_state_2_+
rewrite_state1a_* 7 * r rewrite_state1a_7
rewrite_state1a_0 2 0 r rewrite_state1a_2
rewrite_state4_3 6 3 r rewrite_state4_6
rewrite_state1_8 1 8 r rewrite_state1_1
rewrite_state21a_2 4 2 r rewrite_state21a_4
rewrite_state4_5 + 5 r end_state_4_+
rewrite_state1b_7 9 7 r rewrite_state1b_9
rewrite_state1b_* 6 * r rewrite_state1b_6
rewrite_state21a_9 5 9 r rewrite_state21a_5
rewrite_state4_3 + 3 r end_state_4_+
rewrite_state1_5 3 5 r rewrite_state1_3
rewrite_state2_* 0 * r rewrite_state2_0
rewrite_state21a_6 * 6 r rewrite_state21a_*
rewrite_state21a_4 + 4 r end_state_21a_+
rewrite_state1b_7 6 7 r rewrite_state1b_6
rewrite_statehalt_6 * 6 r rewrite_statehalt_*
rewrite_statehalt__ 5 _ r rewrite_statehalt_5
rewrite_state4_8 * 8 r rewrite_state4_*
push_state4 1 _ r rewrite_state4_1
4 2 3 r 1b
rewrite_state3_1 2 1 r rewrite_state3_2
rewrite_state1b_5 1 5 r rewrite_state1b_1
rewrite_state20__ 0 _ r rewrite_state20_0
rewrite_statehalt_6 _ 6 r rewrite_statehalt__
rewrite_state4__ _ _ r rewrite_state4__
rewrite_state21_0 3 0 r rewrite_state21_3
rewrite_state1a_6 + 6 r end_state_1a_+
rewrite_state1_0 + 0 r end_state_1_+
rewrite_state4_9 3 9 r rewrite_state4_3
end_tape # * r initial_state
rewrite_state3_7 1 7 r rewrite_state3_1
rewrite_state20_3 9 3 r rewrite_state20_9
rewrite_state1b_7 + 7 r end_state_1b_+
rewrite_state1b_5 9 5 r rewrite_state1b_9
rewrite_state1b_0 0 0 r rewrite_state1b_0
rewrite_state1b_* 3 * r rewrite_state1b_3
rewrite_statehalt_* 6 * r rewrite_statehalt_6
rewrite_state4_9 + 9 r end_state_4_+
rewrite_state1a__ 0 _ r rewrite_state1a_0
rewrite_state20_1 3 1 r rewrite_state20_3
rewrite_state1_* 2 * r rewrite_state1_2
rewrite_state1a_5 4 5 r rewrite_state1a_4
rewrite_state4_0 2 0 r rewrite_state4_2
rewrite_statehalt_0 4 0 r rewrite_statehalt_4
rewrite_state3_6 2 6 r rewrite_state3_2
rewrite_state1b_9 0 9 r rewrite_state1b_0
rewrite_state1b_5 8 5 r rewrite_state1b_8
rewrite_state21a_0 0 0 r rewrite_state21a_0
rewrite_state4_8 9 8 r rewrite_state4_9
rewrite_state21a_9 + 9 r end_state_21a_+
rewrite_state20_4 1 4 r rewrite_state20_1
rewrite_state1__ 2 _ r rewrite_state1_2
rewrite_state20_8 + 8 r end_state_20_+
push_state1b 9 _ r rewrite_state1b_9
rewrite_state1_0 4 0 r rewrite_state1_4
rewrite_state3_2 0 2 r rewrite_state3_0
rewrite_state21_1 8 1 r rewrite_state21_8
rewrite_state1b__ 7 _ r rewrite_state1b_7
rewrite_statehalt_* 0 * r rewrite_statehalt_0
rewrite_state21_8 9 8 r rewrite_state21_9
rewrite_state4_9 _ 9 r rewrite_state4__
rewrite_state4_0 4 0 r rewrite_state4_4
rewrite_statehalt_5 3 5 r rewrite_statehalt_3
rewrite_state1a_0 0 0 r rewrite_state1a_0
rewrite_statehalt_4 3 4 r rewrite_statehalt_3
rewrite_state21a_1 7 1 r rewrite_state21a_7
rewrite_state21a_2 + 2 r end_state_21a_+
rewrite_state21_9 _ 9 r rewrite_state21__
rewrite_statehalt_1 4 1 r rewrite_statehalt_4
rewrite_state3_3 * 3 r rewrite_state3_*
push_state20 3 _ r rewrite_state20_3
rewrite_state2_0 7 0 r rewrite_state2_7
rewrite_state21a_* + * r end_state_21a_+
rewrite_statehalt_2 3 2 r rewrite_statehalt_3
rewrite_state21_7 5 7 r rewrite_state21_5
rewrite_statehalt_8 5 8 r rewrite_statehalt_5
rewrite_state4_8 3 8 r rewrite_state4_3
rewrite_state1__ 4 _ r rewrite_state1_4
rewrite_state1b_7 0 7 r rewrite_state1b_0
3 * * l 3
rewrite_state1a_8 2 8 r rewrite_state1a_2
rewrite_state1b_4 0 4 r rewrite_state1b_0
rewrite_state4_5 8 5 r rewrite_state4_8
rewrite_state1a_7 5 7 r rewrite_state1a_5
rewrite_state1b_6 9 6 r rewrite_state1b_9
rewrite_state21a__ 4 _ r rewrite_state21a_4
rewrite_statehalt_2 6 2 r rewrite_statehalt_6
rewrite_state20_6 3 6 r rewrite_state20_3
rewrite_state1_6 9 6 r rewrite_state1_9
rewrite_state21a_6 1 6 r rewrite_state21a_1
rewrite_state20_3 _ 3 r rewrite_state20__
rewrite_state1a_4 2 4 r rewrite_state1a_2
push_statehalt _ _ r rewrite_statehalt__
halt # # r push_statehalt
rewrite_state21a_8 0 8 r rewrite_state21a_0
rewrite_state1b_4 2 4 r rewrite_state1b_2
rewrite_state21_1 2 1 r rewrite_state21_2
rewrite_state20_3 7 3 r rewrite_state20_7
rewrite_state1b_5 5 5 r rewrite_state1b_5
push_statehalt 5 _ r rewrite_statehalt_5
rewrite_state4_9 7 9 r rewrite_state4_7
4 3 4 r 1b
rewrite_state1_9 6 9 r rewrite_state1_6
rewrite_state21a_4 7 4 r rewrite_state21a_7
rewrite_state1__ 8 _ r rewrite_state1_8
rewrite_state20_2 3 2 r rewrite_state20_3
rewrite_state20_9 1 9 r rewrite_state20_1
rewrite_state1b_2 + 2 r end_state_1b_+
rewrite_state4_* 6 * r rewrite_state4_6
push_state4 7 _ r rewrite_state4_7
rewrite_state21_* 5 * r rewrite_state21_5
rewrite_state3__ 1 _ r rewrite_state3_1
rewrite_state1a_0 8 0 r rewrite_state1a_8
rewrite_state21a_3 5 3 r rewrite_state21a_5
rewrite_state2__ 3 _ r rewrite_state2_3
rewrite_state4_2 1 2 r rewrite_state4_1
end_tape * * l end_tape
rewrite_state21_* _ * r rewrite_state21__
rewrite_state2_0 8 0 r rewrite_state2_8
rewrite_state1b_2 5 2 r rewrite_state1b_5
goto_begin_state_2 * * l goto_begin_state_2
rewrite_state3_2 2 2 r rewrite_state3_2
rewrite_state1_4 6 4 r rewrite_state1_6
rewrite_state2_5 * 5 r rewrite_state2_*
rewrite_state1a_3 6 3 r rewrite_state1a_6
rewrite_statehalt_4 2 4 r rewrite_statehalt_2
rewrite_state1b__ * _ r rewrite_state1b_*
push_state1b 8 _ r rewrite_state1b_8
rewrite_state4_2 5 2 r rewrite_state4_5
rewrite_state21a_8 4 8 r rewrite_state21a_4
push_state3 9 _ r rewrite_state3_9
push_state1a _ _ r rewrite_state1a__
rewrite_state1a_5 8 5 r rewrite_state1a_8
rewrite_state3_4 3 4 r rewrite_state3_3
rewrite_state21_3 _ 3 r rewrite_state21__
push_state21a 4 _ r rewrite_state21a_4
rewrite_statehalt__ _ _ r rewrite_statehalt__
rewrite_state20_0 6 0 r rewrite_state20_6
rewrite_statehalt_6 2 6 r rewrite_statehalt_2
rewrite_state4_2 2 2 r rewrite_state4_2
rewrite_state1_* 5 * r rewrite_state1_5
end_state_1_+ _ + l goto_begin_state_1
rewrite_statehalt_3 2 3 r rewrite_statehalt_2
rewrite_statehalt_9 + 9 r end_state_halt_+
rewrite_state3__ 0 _ r rewrite_state3_0
end_state_1b_+ _ + l goto_begin_state_1b
rewrite_state20_8 6 8 r rewrite_state20_6
rewrite_state21__ 2 _ r rewrite_state21_2
rewrite_state1a_* * * r rewrite_state1a_*
rewrite_state3_4 + 4 r end_state_3_+
rewrite_state20_7 9 7 r rewrite_state20_9
