;S
0 1 # r rewrite_1
rewrite_statereject2_1 _ 1 r rewrite_statereject2__
push_state4 _ _ r rewrite_state4__
rewrite_state2o__ _ _ r rewrite_state2o__
push_state2o : _ r rewrite_state2o_:
rewrite_state2i_( 0 ( r rewrite_state2i_0
rewrite_statereject2_: ( : r rewrite_statereject2_(
rewrite_state2o_) _ ) r rewrite_state2o__
rewrite_state1i_: : : r rewrite_state1i_:
rewrite_state2o_1 1 1 r rewrite_state2o_1
rewrite_statereject2_* ( * r rewrite_statereject2_(
rewrite_state1i_0 1 0 r rewrite_state1i_1
end_state_reject2_+ _ + l goto_begin_state_reject2
rewrite_statehalt-accept_0 1 0 r rewrite_statehalt-accept_1
rewrite_state4_0 + 0 r end_state_4_+
push_statehalt-reject ( _ r rewrite_statehalt-reject_(
4 # # r push_state4
push_state1o ) _ r rewrite_state1o_)
rewrite_statehalt-reject_0 + 0 r end_state_halt-reject_+
push_stateaccept2 : _ r rewrite_stateaccept2_:
rewrite_state4_0 ( 0 r rewrite_state4_(
rewrite_statehalt-reject_* ( * r rewrite_statehalt-reject_(
rewrite_state1o_* _ * r rewrite_state1o__
rewrite_stateaccept2_* + * r end_state_accept2_+
rewrite_state4_0 1 0 r rewrite_state4_1
rewrite_statereject_: ( : r rewrite_statereject_(
rewrite_state2o__ : _ r rewrite_state2o_:
2i 1 _ l 3
rewrite_state1i__ 1 _ r rewrite_state1i_1
1o * * r 1o
rewrite_statehalt-reject__ ) _ r rewrite_statehalt-reject_)
rewrite_stateaccept2_0 ( 0 r rewrite_stateaccept2_(
rewrite_statereject2__ + _ r end_state_reject2_+
rewrite_state2o__ ) _ r rewrite_state2o_)
rewrite_statereject__ ( _ r rewrite_statereject_(
rewrite_state1o_: ) : r rewrite_state1o_)
rewrite_stateaccept_) 1 ) r rewrite_stateaccept_1
rewrite_state1i_: + : r end_state_1i_+
rewrite_statereject2_1 ) 1 r rewrite_statereject2_)
goto_begin_state_reject * * l goto_begin_state_reject
rewrite_state2o__ + _ r end_state_2o_+
rewrite_state4_1 _ 1 r rewrite_state4__
rewrite_state1i_: _ : r rewrite_state1i__
rewrite_statehalt-reject_0 * 0 r rewrite_statehalt-reject_*
push_stateaccept2 ) _ r rewrite_stateaccept2_)
rewrite_statehalt-accept_( ( ( r rewrite_statehalt-accept_(
rewrite_statehalt-reject_* 1 * r rewrite_statehalt-reject_1
halt-accept # # r push_statehalt-accept
rewrite_stateaccept_0 0 0 r rewrite_stateaccept_0
rewrite_state2i_1 0 1 r rewrite_state2i_0
rewrite_statereject_) _ ) r rewrite_statereject__
3 * * l 4
rewrite_stateaccept__ + _ r end_state_accept_+
rewrite_state4_( ( ( r rewrite_state4_(
rewrite_stateaccept_* ) * r rewrite_stateaccept_)
rewrite_state1o_) _ ) r rewrite_state1o__
rewrite_state3_* _ * r rewrite_state3__
rewrite_statereject_0 ) 0 r rewrite_statereject_)
rewrite_statereject_0 ( 0 r rewrite_statereject_(
rewrite_statereject_) + ) r end_state_reject_+
rewrite_statereject_* + * r end_state_reject_+
rewrite_statehalt-accept_: _ : r rewrite_statehalt-accept__
push_state4 ( _ r rewrite_state4_(
rewrite_state1i_1 1 1 r rewrite_state1i_1
rewrite_stateaccept_: ) : r rewrite_stateaccept_)
rewrite_statehalt-reject_1 0 1 r rewrite_statehalt-reject_0
rewrite_state3_1 ( 1 r rewrite_state3_(
rewrite_statehalt-accept_1 + 1 r end_state_halt-accept_+
rewrite_statereject_* ( * r rewrite_statereject_(
rewrite_state3_( 0 ( r rewrite_state3_0
rewrite_state1i_( 1 ( r rewrite_state1i_1
rewrite_state4_) + ) r end_state_4_+
rewrite_statereject2_0 + 0 r end_state_reject2_+
rewrite_state2i__ _ _ r rewrite_state2i__
rewrite_state2i_( _ ( r rewrite_state2i__
rewrite_state3_: ( : r rewrite_state3_(
rewrite_state1i_) : ) r rewrite_state1i_:
rewrite_statehalt-reject_1 ) 1 r rewrite_statehalt-reject_)
rewrite_stateaccept2_( 0 ( r rewrite_stateaccept2_0
rewrite_stateaccept2__ + _ r end_state_accept2_+
rewrite_statehalt-reject_( 1 ( r rewrite_statehalt-reject_1
push_statehalt-accept ) _ r rewrite_statehalt-accept_)
rewrite_statereject_: + : r end_state_reject_+
rewrite_state2i_1 : 1 r rewrite_state2i_:
rewrite_state4_: * : r rewrite_state4_*
push_state2i 0 _ r rewrite_state2i_0
rewrite_state4_( : ( r rewrite_state4_:
rewrite_state3_) ( ) r rewrite_state3_(
rewrite_state3_( * ( r rewrite_state3_*
rewrite_state3_0 + 0 r end_state_3_+
rewrite_state2i_) * ) r rewrite_state2i_*
rewrite_state2i_0 * 0 r rewrite_state2i_*
rewrite_statehalt-accept_* ( * r rewrite_statehalt-accept_(
rewrite_state1o_( ) ( r rewrite_state1o_)
rewrite_state1i_: ) : r rewrite_state1i_)
rewrite_statereject2_( 0 ( r rewrite_statereject2_0
rewrite_state3_: + : r end_state_3_+
rewrite_statereject2__ ( _ r rewrite_statereject2_(
push_stateaccept2 * _ r rewrite_stateaccept2_*
rewrite_state2i_: ) : r rewrite_state2i_)
rewrite_state3__ _ _ r rewrite_state3__
rewrite_statereject_) * ) r rewrite_statereject_*
rewrite_stateaccept_: 0 : r rewrite_stateaccept_0
rewrite_statehalt-reject_: 1 : r rewrite_statehalt-reject_1
rewrite_stateaccept_1 ( 1 r rewrite_stateaccept_(
push_stateaccept 0 _ r rewrite_stateaccept_0
rewrite_state2i_* ) * r rewrite_state2i_)
rewrite_statereject_0 + 0 r end_state_reject_+
rewrite_statereject_1 0 1 r rewrite_statereject_0
rewrite_state2i_: + : r end_state_2i_+
push_statereject 0 _ r rewrite_statereject_0
rewrite_stateaccept_) ) ) r rewrite_stateaccept_)
push_state4 : _ r rewrite_state4_:
rewrite_state3_0 * 0 r rewrite_state3_*
rewrite_statehalt-accept_) + ) r end_state_halt-accept_+
rewrite_stateaccept_1 0 1 r rewrite_stateaccept_0
rewrite_state2o_: ( : r rewrite_state2o_(
rewrite_stateaccept_: * : r rewrite_stateaccept_*
rewrite_state2o_) 0 ) r rewrite_state2o_0
rewrite_state4_( 0 ( r rewrite_state4_0
rewrite_statehalt-reject_) + ) r end_state_halt-reject_+
rewrite_statehalt-reject_0 ( 0 r rewrite_statehalt-reject_(
rewrite_state2i_: * : r rewrite_state2i_*
rewrite_state1i_* ) * r rewrite_state1i_)
rewrite_state2i_( ) ( r rewrite_state2i_)
rewrite_state2o_1 ) 1 r rewrite_state2o_)
push_statereject2 ) _ r rewrite_statereject2_)
rewrite_state1o_) 0 ) r rewrite_state1o_0
rewrite_state1o_0 ) 0 r rewrite_state1o_)
goto_begin_state_1i # # r 1i
rewrite_statereject_: _ : r rewrite_statereject__
rewrite_statehalt-accept_* 0 * r rewrite_statehalt-accept_0
rewrite_stateaccept2_0 ) 0 r rewrite_stateaccept2_)
goto_begin_state_3 * * l goto_begin_state_3
rewrite_statehalt-reject_: : : r rewrite_statehalt-reject_:
rewrite_stateaccept2_1 0 1 r rewrite_stateaccept2_0
rewrite_stateaccept__ _ _ r rewrite_stateaccept__
rewrite_state3_* ( * r rewrite_state3_(
rewrite_statereject_( 1 ( r rewrite_statereject_1
rewrite_state1o__ + _ r end_state_1o_+
accept2 * ) * halt-accept
rewrite_statehalt-reject_: ) : r rewrite_statehalt-reject_)
rewrite_state1o__ 0 _ r rewrite_state1o_0
push_stateaccept ) _ r rewrite_stateaccept_)
rewrite_statereject2_* 1 * r rewrite_statereject2_1
rewrite_statereject_* ) * r rewrite_statereject_)
rewrite_statereject_0 0 0 r rewrite_statereject_0
push_statehalt-accept ( _ r rewrite_statehalt-accept_(
rewrite_state2i__ ) _ r rewrite_state2i_)
rewrite_stateaccept2__ : _ r rewrite_stateaccept2_:
end_state_4_+ _ + l goto_begin_state_4
rewrite_statehalt-accept_( ) ( r rewrite_statehalt-accept_)
rewrite_state3_( ( ( r rewrite_state3_(
rewrite_1 1 1 r rewrite_1
accept * : r accept2
rewrite_state1i_1 ( 1 r rewrite_state1i_(
rewrite_state4_) ( ) r rewrite_state4_(
rewrite_statereject2_) _ ) r rewrite_statereject2__
push_state4 ) _ r rewrite_state4_)
rewrite_state2i__ * _ r rewrite_state2i_*
rewrite_statehalt-reject_* ) * r rewrite_statehalt-reject_)
rewrite_stateaccept__ ( _ r rewrite_stateaccept_(
rewrite_state1i_( ( ( r rewrite_state1i_(
goto_begin_state_1o * * l goto_begin_state_1o
end_tape _ + l end_tape
rewrite_statereject_1 : 1 r rewrite_statereject_:
rewrite_state1i_1 _ 1 r rewrite_state1i__
rewrite_statehalt-reject_1 * 1 r rewrite_statehalt-reject_*
rewrite_stateaccept2_) + ) r end_state_accept2_+
rewrite_state1o_( * ( r rewrite_state1o_*
rewrite_stateaccept2__ ( _ r rewrite_stateaccept2_(
rewrite_state1o_( _ ( r rewrite_state1o__
rewrite_stateaccept_( ( ( r rewrite_stateaccept_(
push_state1o : _ r rewrite_state1o_:
rewrite_stateaccept2_1 _ 1 r rewrite_stateaccept2__
reject2 * ( * halt-reject
rewrite_statehalt-reject_) * ) r rewrite_statehalt-reject_*
rewrite_state4__ : _ r rewrite_state4_:
rewrite_statereject2_( ( ( r rewrite_statereject2_(
rewrite_statehalt-accept__ * _ r rewrite_statehalt-accept_*
rewrite_statehalt-accept_: 1 : r rewrite_statehalt-accept_1
rewrite_state4__ * _ r rewrite_state4_*
goto_begin_state_halt-accept # # r halt-accept
rewrite_state2o_0 0 0 r rewrite_state2o_0
1o + + l 2o
rewrite_state2i_1 * 1 r rewrite_state2i_*
rewrite_statereject2_1 + 1 r end_state_reject2_+
rewrite_statereject__ + _ r end_state_reject_+
rewrite_state1i_0 _ 0 r rewrite_state1i__
rewrite_statehalt-reject_) 0 ) r rewrite_statehalt-reject_0
rewrite_state2o_* ( * r rewrite_state2o_(
rewrite_state2o_* : * r rewrite_state2o_:
rewrite_statehalt-reject_( ( ( r rewrite_statehalt-reject_(
goto_begin_state_3 # # r 3
rewrite_stateaccept_0 1 0 r rewrite_stateaccept_1
rewrite_statehalt-reject_0 ) 0 r rewrite_statehalt-reject_)
goto_begin_state_halt-reject # # r halt-reject
rewrite_state2o_: 0 : r rewrite_state2o_0
push_state2i ( _ r rewrite_state2i_(
push_state4 * _ r rewrite_state4_*
rewrite_state2o_) 1 ) r rewrite_state2o_1
rewrite_state4_1 0 1 r rewrite_state4_0
rewrite_state4__ 1 _ r rewrite_state4_1
rewrite_statehalt-reject_0 _ 0 r rewrite_statehalt-reject__
rewrite_state3__ : _ r rewrite_state3_:
rewrite_statereject2_* : * r rewrite_statereject2_:
rewrite_stateaccept_1 + 1 r end_state_accept_+
rewrite_state1i_1 : 1 r rewrite_state1i_:
rewrite_statereject2_: + : r end_state_reject2_+
rewrite_stateaccept_* 1 * r rewrite_stateaccept_1
rewrite_statereject__ ) _ r rewrite_statereject_)
rewrite_state2o_: * : r rewrite_state2o_*
rewrite_state1i__ ( _ r rewrite_state1i_(
rewrite_state2i_) ( ) r rewrite_state2i_(
rewrite_state1i__ : _ r rewrite_state1i_:
initial_state 0 _ r 1o
rewrite_stateaccept_1 1 1 r rewrite_stateaccept_1
push_state3 1 _ r rewrite_state3_1
push_state1o ( _ r rewrite_state1o_(
push_state3 _ _ r rewrite_state3__
rewrite_state2o_1 * 1 r rewrite_state2o_*
rewrite_state4_: ( : r rewrite_state4_(
push_state3 ) _ r rewrite_state3_)
rewrite_state1o__ 1 _ r rewrite_state1o_1
rewrite_stateaccept2_0 1 0 r rewrite_stateaccept2_1
rewrite_statehalt-accept_* : * r rewrite_statehalt-accept_:
rewrite_state1i_0 0 0 r rewrite_state1i_0
rewrite_state2i_0 0 0 r rewrite_state2i_0
rewrite_statereject2_( ) ( r rewrite_statereject2_)
rewrite_state4__ ( _ r rewrite_state4_(
rewrite_state2i_0 : 0 r rewrite_state2i_:
rewrite_statehalt-accept_* * * r rewrite_statehalt-accept_*
rewrite_state2i_* : * r rewrite_state2i_:
rewrite_statereject_* : * r rewrite_statereject_:
rewrite_state2i_) : ) r rewrite_state2i_:
rewrite_stateaccept_* : * r rewrite_stateaccept_:
rewrite_stateaccept_) 0 ) r rewrite_stateaccept_0
rewrite_state3__ * _ r rewrite_state3_*
rewrite_statereject2_: * : r rewrite_statereject2_*
rewrite_statereject__ * _ r rewrite_statereject_*
rewrite_statereject2_* ) * r rewrite_statereject2_)
rewrite_state3_* + * r end_state_3_+
rewrite_state1o_* + * r end_state_1o_+
push_state2o _ _ r rewrite_state2o__
end_state_1o_+ _ + l goto_begin_state_1o
rewrite_state1i_* * * r rewrite_state1i_*
rewrite_state1i_( + ( r end_state_1i_+
rewrite_statereject2_: 1 : r rewrite_statereject2_1
rewrite_state1i_0 + 0 r end_state_1i_+
rewrite_stateaccept2_( + ( r end_state_accept2_+
push_state2i _ _ r rewrite_state2i__
rewrite_statereject2_* + * r end_state_reject2_+
rewrite_state2i_0 1 0 r rewrite_state2i_1
2i _ _ * accept
rewrite_state4_: 0 : r rewrite_state4_0
rewrite_state1i_0 : 0 r rewrite_state1i_:
rewrite_statehalt-accept__ ) _ r rewrite_statehalt-accept_)
rewrite_stateaccept_) _ ) r rewrite_stateaccept__
rewrite_state2i_: 0 : r rewrite_state2i_0
rewrite_state2i_1 ) 1 r rewrite_state2i_)
rewrite_statehalt-accept__ + _ r end_state_halt-accept_+
rewrite_stateaccept__ ) _ r rewrite_stateaccept_)
push_state3 ( _ r rewrite_state3_(
rewrite_state1o_* 1 * r rewrite_state1o_1
rewrite_state4_* _ * r rewrite_state4__
rewrite_state2i_* _ * r rewrite_state2i__
push_state1i ) _ r rewrite_state1i_)
rewrite_state4_: + : r end_state_4_+
rewrite_stateaccept2_1 1 1 r rewrite_stateaccept2_1
rewrite_stateaccept2__ 1 _ r rewrite_stateaccept2_1
rewrite_state1i_( * ( r rewrite_state1i_*
rewrite_state4_) : ) r rewrite_state4_:
rewrite_state3_) ) ) r rewrite_state3_)
rewrite_state1i_( _ ( r rewrite_state1i__
rewrite_state2o_0 + 0 r end_state_2o_+
rewrite_statehalt-reject_1 ( 1 r rewrite_statehalt-reject_(
rewrite_state2i_0 + 0 r end_state_2i_+
rewrite_state3_) 0 ) r rewrite_state3_0
rewrite_statehalt-accept_* 1 * r rewrite_statehalt-accept_1
end_state_accept_+ _ + l goto_begin_state_accept
push_state3 : _ r rewrite_state3_:
rewrite_stateaccept2_: : : r rewrite_stateaccept2_:
rewrite_state4_: ) : r rewrite_state4_)
rewrite_statehalt-accept_0 + 0 r end_state_halt-accept_+
push_state3 * _ r rewrite_state3_*
rewrite_statereject2_0 1 0 r rewrite_statereject2_1
end_state_3_+ _ + l goto_begin_state_3
rewrite_statereject2_: ) : r rewrite_statereject2_)
rewrite_state2o_) : ) r rewrite_state2o_:
rewrite_stateaccept_0 * 0 r rewrite_stateaccept_*
rewrite_stateaccept_( + ( r end_state_accept_+
rewrite_statereject__ : _ r rewrite_statereject_:
rewrite_state4_0 0 0 r rewrite_state4_0
rewrite_statehalt-accept__ : _ r rewrite_statehalt-accept_:
rewrite_statereject_: 0 : r rewrite_statereject_0
rewrite_state4_( + ( r end_state_4_+
rewrite_state1o_( + ( r end_state_1o_+
rewrite_state1o_1 ) 1 r rewrite_state1o_)
rewrite_state2o_: 1 : r rewrite_state2o_1
end_state_accept2_+ _ + l goto_begin_state_accept2
rewrite_state2i_) 1 ) r rewrite_state2i_1
goto_begin_state_reject # # r reject
rewrite_state2o_* ) * r rewrite_state2o_)
rewrite_state1o_) * ) r rewrite_state1o_*
rewrite_stateaccept2_* 1 * r rewrite_stateaccept2_1
rewrite_stateaccept2_) * ) r rewrite_stateaccept2_*
rewrite_statereject_0 * 0 r rewrite_statereject_*
rewrite_state2o_) ( ) r rewrite_state2o_(
push_state1o 1 _ r rewrite_state1o_1
rewrite_stateaccept2_( ) ( r rewrite_stateaccept2_)
push_statereject2 0 _ r rewrite_statereject2_0
rewrite_state1i__ 0 _ r rewrite_state1i_0
goto_begin_state_reject2 # # r reject2
rewrite_stateaccept_* + * r end_state_accept_+
rewrite_state2i_* 1 * r rewrite_state2i_1
push_statehalt-reject ) _ r rewrite_statehalt-reject_)
rewrite_state2i_* ( * r rewrite_state2i_(
rewrite_statehalt-reject_* * * r rewrite_statehalt-reject_*
rewrite_state4_( _ ( r rewrite_state4__
rewrite_state2o__ * _ r rewrite_state2o_*
rewrite_stateaccept2_) ( ) r rewrite_stateaccept2_(
rewrite_statehalt-reject_* : * r rewrite_statehalt-reject_:
rewrite_stateaccept2_) ) ) r rewrite_stateaccept2_)
rewrite_state3_: 0 : r rewrite_state3_0
rewrite_statehalt-accept__ 0 _ r rewrite_statehalt-accept_0
rewrite_stateaccept_1 ) 1 r rewrite_stateaccept_)
rewrite_state3_0 ) 0 r rewrite_state3_)
rewrite_statehalt-reject__ * _ r rewrite_statehalt-reject_*
rewrite_state2o_* 1 * r rewrite_state2o_1
rewrite_state1i_( : ( r rewrite_state1i_:
rewrite_stateaccept2_0 + 0 r end_state_accept2_+
rewrite_state3_: * : r rewrite_state3_*
2o # # r push_state2o
rewrite_state2o_( 1 ( r rewrite_state2o_1
rewrite_statereject_0 1 0 r rewrite_statereject_1
rewrite_stateaccept2_) 1 ) r rewrite_stateaccept2_1
rewrite_statereject2_( : ( r rewrite_statereject2_:
rewrite_statehalt-accept_0 _ 0 r rewrite_statehalt-accept__
rewrite_state1o_0 ( 0 r rewrite_state1o_(
reject * _ l reject
rewrite_state3_0 _ 0 r rewrite_state3__
rewrite_statehalt-accept_0 0 0 r rewrite_statehalt-accept_0
rewrite_statereject_) ( ) r rewrite_statereject_(
rewrite_statereject2_0 _ 0 r rewrite_statereject2__
rewrite_statehalt-accept_0 ( 0 r rewrite_statehalt-accept_(
rewrite_stateaccept2__ 0 _ r rewrite_stateaccept2_0
push_statereject * _ r rewrite_statereject_*
rewrite_state2o_1 ( 1 r rewrite_state2o_(
rewrite_statehalt-reject_1 _ 1 r rewrite_statehalt-reject__
push_statehalt-accept 0 _ r rewrite_statehalt-accept_0
rewrite_state2i_) + ) r end_state_2i_+
end_state_reject_+ _ + l goto_begin_state_reject
rewrite_state4_) 0 ) r rewrite_state4_0
push_stateaccept _ _ r rewrite_stateaccept__
rewrite_statereject_* 1 * r rewrite_statereject_1
rewrite_state2o_: + : r end_state_2o_+
goto_begin_state_4 # # r 4
rewrite_statehalt-accept_) _ ) r rewrite_statehalt-accept__
push_statehalt-reject * _ r rewrite_statehalt-reject_*
rewrite_state2o_: _ : r rewrite_state2o__
rewrite_statehalt-reject_0 1 0 r rewrite_statehalt-reject_1
rewrite_state4_1 1 1 r rewrite_state4_1
rewrite_state3_1 + 1 r end_state_3_+
rewrite_statehalt-reject_( + ( r end_state_halt-reject_+
1i # # r push_state1i
rewrite_statehalt-reject_: + : r end_state_halt-reject_+
rewrite_state3_: 1 : r rewrite_state3_1
rewrite_statehalt-reject_1 + 1 r end_state_halt-reject_+
rewrite_state2o_* _ * r rewrite_state2o__
2o * * * reject
rewrite_state1i__ ) _ r rewrite_state1i_)
rewrite_state2o_* + * r end_state_2o_+
rewrite_stateaccept2__ ) _ r rewrite_stateaccept2_)
end_state_2i_+ _ + l goto_begin_state_2i
rewrite_state3_1 * 1 r rewrite_state3_*
rewrite_state2o_0 ( 0 r rewrite_state2o_(
rewrite_statereject2__ ) _ r rewrite_statereject2_)
rewrite_state3_) _ ) r rewrite_state3__
rewrite_statehalt-reject_1 : 1 r rewrite_statehalt-reject_:
rewrite_state4_* ( * r rewrite_state4_(
rewrite_state4_: 1 : r rewrite_state4_1
3 # # r push_state3
rewrite_stateaccept_( : ( r rewrite_stateaccept_:
rewrite_state3_: _ : r rewrite_state3__
rewrite_statehalt-accept_0 ) 0 r rewrite_statehalt-accept_)
rewrite_state3_: : : r rewrite_state3_:
rewrite_state1i_* _ * r rewrite_state1i__
2i # # r push_state2i
rewrite_statehalt-accept_1 * 1 r rewrite_statehalt-accept_*
rewrite_state2o_1 + 1 r end_state_2o_+
rewrite_stateaccept2_1 ) 1 r rewrite_stateaccept2_)
rewrite_statereject2_) : ) r rewrite_statereject2_:
rewrite_stateaccept_) + ) r end_state_accept_+
rewrite_statehalt-reject_) : ) r rewrite_statehalt-reject_:
rewrite_state2i_0 ( 0 r rewrite_state2i_(
push_state1o 0 _ r rewrite_state1o_0
rewrite_state2o_0 : 0 r rewrite_state2o_:
rewrite_stateaccept2_0 _ 0 r rewrite_stateaccept2__
rewrite_statereject2_( _ ( r rewrite_statereject2__
goto_begin_state_1i * * l goto_begin_state_1i
rewrite_state2i_) 0 ) r rewrite_state2i_0
rewrite_state2i__ 0 _ r rewrite_state2i_0
rewrite_statereject2__ * _ r rewrite_statereject2_*
push_state2o ) _ r rewrite_state2o_)
rewrite_statereject2_* * * r rewrite_statereject2_*
rewrite_stateaccept_1 : 1 r rewrite_stateaccept_:
rewrite_state1i_* + * r end_state_1i_+
rewrite_statehalt-accept_( + ( r end_state_halt-accept_+
rewrite_stateaccept2_( 1 ( r rewrite_stateaccept2_1
rewrite_statehalt-reject__ 1 _ r rewrite_statehalt-reject_1
rewrite_stateaccept2_* ( * r rewrite_stateaccept2_(
rewrite_stateaccept_1 * 1 r rewrite_stateaccept_*
rewrite_stateaccept2_0 0 0 r rewrite_stateaccept2_0
push_state1i * _ r rewrite_state1i_*
rewrite_statehalt-accept_) 0 ) r rewrite_statehalt-accept_0
rewrite_state2o_0 _ 0 r rewrite_state2o__
rewrite_state3_) + ) r end_state_3_+
rewrite_state4_* + * r end_state_4_+
rewrite_stateaccept2_( * ( r rewrite_stateaccept2_*
rewrite_state2o_0 * 0 r rewrite_state2o_*
rewrite_state1i_) 0 ) r rewrite_state1i_0
rewrite_stateaccept2_: _ : r rewrite_stateaccept2__
push_statehalt-accept * _ r rewrite_statehalt-accept_*
rewrite_statereject_1 1 1 r rewrite_statereject_1
rewrite_statehalt-accept_0 : 0 r rewrite_statehalt-accept_:
rewrite_state2o_: ) : r rewrite_state2o_)
rewrite_statehalt-reject__ + _ r end_state_halt-reject_+
rewrite_stateaccept__ * _ r rewrite_stateaccept_*
rewrite_stateaccept2_( ( ( r rewrite_stateaccept2_(
rewrite_state3_0 1 0 r rewrite_state3_1
rewrite_state1i_) * ) r rewrite_state1i_*
push_statehalt-reject 0 _ r rewrite_statehalt-reject_0
4 _ _ r initial_state
rewrite_state1o_) 1 ) r rewrite_state1o_1
rewrite_statereject_) 1 ) r rewrite_statereject_1
rewrite_state3_) : ) r rewrite_state3_:
rewrite_stateaccept_* 0 * r rewrite_stateaccept_0
push_state2o 1 _ r rewrite_state2o_1
rewrite_statereject2_0 0 0 r rewrite_statereject2_0
rewrite_state4_( * ( r rewrite_state4_*
rewrite_state2o_* 0 * r rewrite_state2o_0
rewrite_statehalt-accept_* ) * r rewrite_statehalt-accept_)
rewrite_state4_1 + 1 r end_state_4_+
rewrite_state1o_: _ : r rewrite_state1o__
rewrite_statereject2__ 1 _ r rewrite_statereject2_1
rewrite_stateaccept_) * ) r rewrite_stateaccept_*
accept # # r push_stateaccept
1o # # r push_state1o
rewrite_state2i_1 1 1 r rewrite_state2i_1
rewrite_state2o__ 0 _ r rewrite_state2o_0
rewrite_statereject_: * : r rewrite_statereject_*
rewrite_stateaccept2__ * _ r rewrite_stateaccept2_*
rewrite_state1o__ : _ r rewrite_state1o_:
3 _ _ * accept
push_statehalt-reject _ _ r rewrite_statehalt-reject__
rewrite_stateaccept2_: 0 : r rewrite_stateaccept2_0
rewrite_stateaccept2_: + : r end_state_accept2_+
rewrite_state4_1 * 1 r rewrite_state4_*
rewrite_state4_1 : 1 r rewrite_state4_:
push_statereject2 ( _ r rewrite_statereject2_(
rewrite_state3_( _ ( r rewrite_state3__
rewrite_statereject_( ) ( r rewrite_statereject_)
rewrite_state1o_0 _ 0 r rewrite_state1o__
rewrite_state3_( + ( r end_state_3_+
rewrite_state1o_: 0 : r rewrite_state1o_0
goto_begin_state_accept2 # # r accept2
push_stateaccept2 0 _ r rewrite_stateaccept2_0
reject # # r push_statereject
rewrite_state2i_0 ) 0 r rewrite_state2i_)
rewrite_state3_* : * r rewrite_state3_:
rewrite_stateaccept_) ( ) r rewrite_stateaccept_(
rewrite_stateaccept_: : : r rewrite_stateaccept_:
rewrite_0 0 0 r rewrite_0
rewrite_state4_1 ) 1 r rewrite_state4_)
rewrite_state1i_* 1 * r rewrite_state1i_1
rewrite_state2i_1 ( 1 r rewrite_state2i_(
rewrite_state2o_( _ ( r rewrite_state2o__
rewrite_state1i_: ( : r rewrite_state1i_(
push_state2o * _ r rewrite_state2o_*
rewrite_0 1 0 r rewrite_1
rewrite_1 0 1 r rewrite_0
rewrite_statereject_1 + 1 r end_state_reject_+
goto_begin_state_2o * * l goto_begin_state_2o
rewrite_state1i_) ) ) r rewrite_state1i_)
push_statereject ) _ r rewrite_statereject_)
rewrite_statehalt-reject_) _ ) r rewrite_statehalt-reject__
push_state2i * _ r rewrite_state2i_*
rewrite_state3__ ) _ r rewrite_state3_)
rewrite_state2i_1 + 1 r end_state_2i_+
rewrite_state4_0 ) 0 r rewrite_state4_)
rewrite_statereject_: ) : r rewrite_statereject_)
rewrite_statehalt-accept_1 1 1 r rewrite_statehalt-accept_1
rewrite_stateaccept2_* * * r rewrite_stateaccept2_*
rewrite_state3__ ( _ r rewrite_state3_(
rewrite_stateaccept_: _ : r rewrite_stateaccept__
rewrite_statereject_* * * r rewrite_statereject_*
rewrite_state1i_0 * 0 r rewrite_state1i_*
rewrite_state1o_) + ) r end_state_1o_+
rewrite_state1o_* ) * r rewrite_state1o_)
rewrite_state2o_* * * r rewrite_state2o_*
rewrite_state4_* ) * r rewrite_state4_)
accept2 # # r push_stateaccept2
goto_begin_state_accept * * l goto_begin_state_accept
rewrite_stateaccept_( _ ( r rewrite_stateaccept__
rewrite_state3_0 ( 0 r rewrite_state3_(
rewrite_statereject_( ( ( r rewrite_statereject_(
rewrite_state1o_* 0 * r rewrite_state1o_0
rewrite_stateaccept2_1 * 1 r rewrite_stateaccept2_*
rewrite_state1i__ * _ r rewrite_state1i_*
rewrite_stateaccept_1 _ 1 r rewrite_stateaccept__
push_stateaccept2 ( _ r rewrite_stateaccept2_(
rewrite_statereject_( * ( r rewrite_statereject_*
end_state_halt-reject_+ _ + l goto_begin_state_halt-reject
rewrite_statehalt-accept_( 1 ( r rewrite_statehalt-accept_1
rewrite_statereject_( _ ( r rewrite_statereject__
rewrite_statehalt-accept_) ) ) r rewrite_statehalt-accept_)
rewrite_statereject_) 0 ) r rewrite_statereject_0
rewrite_state2o_) * ) r rewrite_state2o_*
rewrite_statehalt-reject_: _ : r rewrite_statehalt-reject__
rewrite_statehalt-accept_( : ( r rewrite_statehalt-accept_:
halt-reject # # r push_statehalt-reject
rewrite_stateaccept2_0 : 0 r rewrite_stateaccept2_:
rewrite_statereject_* _ * r rewrite_statereject__
rewrite_statehalt-reject_( * ( r rewrite_statehalt-reject_*
rewrite_stateaccept_( ) ( r rewrite_stateaccept_)
goto_begin_state_2i * * l goto_begin_state_2i
rewrite_stateaccept2_) : ) r rewrite_stateaccept2_:
rewrite_statehalt-accept_1 ) 1 r rewrite_statehalt-accept_)
rewrite_stateaccept2_1 ( 1 r rewrite_stateaccept2_(
push_stateaccept * _ r rewrite_stateaccept_*
rewrite_stateaccept2_* 0 * r rewrite_stateaccept2_0
rewrite_statereject2_( 1 ( r rewrite_statereject2_1
goto_begin_state_halt-accept * * l goto_begin_state_halt-accept
rewrite_statereject2_( * ( r rewrite_statereject2_*
rewrite_statehalt-reject_: * : r rewrite_statehalt-reject_*
rewrite_statehalt-accept_: * : r rewrite_statehalt-accept_*
rewrite_statehalt-reject_* _ * r rewrite_statehalt-reject__
rewrite_state1i_1 + 1 r end_state_1i_+
rewrite_state4__ + _ r end_state_4_+
goto_begin_state_reject2 * * l goto_begin_state_reject2
rewrite_statehalt-accept__ _ _ r rewrite_statehalt-accept__
rewrite_statehalt-accept_( _ ( r rewrite_statehalt-accept__
goto_begin_state_2o # # r 2o
push_state1i 0 _ r rewrite_state1i_0
rewrite_statereject2_) ( ) r rewrite_statereject2_(
rewrite_state1o_: * : r rewrite_state1o_*
rewrite_statereject2_) ) ) r rewrite_statereject2_)
rewrite_stateaccept_* _ * r rewrite_stateaccept__
rewrite_state4_* : * r rewrite_state4_:
goto_begin_state_halt-reject * * l goto_begin_state_halt-reject
goto_begin_state_2i # # r 2i
rewrite_stateaccept_) : ) r rewrite_stateaccept_:
rewrite_state4_* 0 * r rewrite_state4_0
push_statehalt-reject 1 _ r rewrite_statehalt-reject_1
rewrite_statehalt-accept_1 : 1 r rewrite_statehalt-accept_:
rewrite_statereject_* 0 * r rewrite_statereject_0
push_stateaccept ( _ r rewrite_stateaccept_(
rewrite_state1o_) : ) r rewrite_state1o_:
rewrite_statereject__ 1 _ r rewrite_statereject_1
push_state4 1 _ r rewrite_state4_1
rewrite_stateaccept_0 : 0 r rewrite_stateaccept_:
rewrite_state1i_* ( * r rewrite_state1i_(
2o _ _ * accept
rewrite_statereject2_: 0 : r rewrite_statereject2_0
rewrite_statereject_1 _ 1 r rewrite_statereject__
rewrite_state2o_) + ) r end_state_2o_+
rewrite_state1o_* ( * r rewrite_state1o_(
rewrite_statereject_( + ( r end_state_reject_+
rewrite_stateaccept2_( _ ( r rewrite_stateaccept2__
end_state_2o_+ _ + l goto_begin_state_2o
rewrite_state3_: ) : r rewrite_state3_)
push_statereject : _ r rewrite_statereject_:
rewrite_statehalt-reject_0 : 0 r rewrite_statehalt-reject_:
rewrite_statehalt-accept__ ( _ r rewrite_statehalt-accept_(
rewrite_statehalt-reject_) ) ) r rewrite_statehalt-reject_)
rewrite_state3_( : ( r rewrite_state3_:
rewrite_statehalt-accept_* + * r end_state_halt-accept_+
rewrite_state2i__ + _ r end_state_2i_+
push_statehalt-accept 1 _ r rewrite_statehalt-accept_1
rewrite_stateaccept2_: ( : r rewrite_stateaccept2_(
rewrite_0 _ 0 r end_tape
rewrite_statereject_: : : r rewrite_statereject_:
rewrite_state3_* 0 * r rewrite_state3_0
rewrite_state4_1 ( 1 r rewrite_state4_(
rewrite_statereject2_* 0 * r rewrite_statereject2_0
rewrite_state1o_1 : 1 r rewrite_state1o_:
rewrite_state4__ _ _ r rewrite_state4__
rewrite_state2o__ 1 _ r rewrite_state2o_1
rewrite_statehalt-reject_) 1 ) r rewrite_statehalt-reject_1
rewrite_state1o_) ( ) r rewrite_state1o_(
rewrite_state2i_* 0 * r rewrite_state2i_0
rewrite_statehalt-reject_1 1 1 r rewrite_statehalt-reject_1
rewrite_stateaccept__ : _ r rewrite_stateaccept_:
rewrite_statereject_) ) ) r rewrite_statereject_)
rewrite_state2i_: ( : r rewrite_state2i_(
rewrite_statereject_( : ( r rewrite_statereject_:
rewrite_state2i_: 1 : r rewrite_state2i_1
rewrite_statereject2_1 1 1 r rewrite_statereject2_1
end_tape # * r initial_state
2i * * * reject
push_stateaccept2 1 _ r rewrite_stateaccept2_1
rewrite_statereject2_) 1 ) r rewrite_statereject2_1
rewrite_state4_) * ) r rewrite_state4_*
push_state1o * _ r rewrite_state1o_*
rewrite_state2i_( * ( r rewrite_state2i_*
rewrite_state2o_1 0 1 r rewrite_state2o_0
rewrite_statehalt-accept_: 0 : r rewrite_statehalt-accept_0
push_statereject2 1 _ r rewrite_statereject2_1
rewrite_statehalt-reject__ 0 _ r rewrite_statehalt-reject_0
rewrite_state3_* 1 * r rewrite_state3_1
push_state2i 1 _ r rewrite_state2i_1
rewrite_statehalt-accept_: + : r end_state_halt-accept_+
rewrite_state1i_: 1 : r rewrite_state1i_1
reject _ : r reject2
rewrite_statehalt-accept_( 0 ( r rewrite_statehalt-accept_0
rewrite_state2i_: : : r rewrite_state2i_:
rewrite_state1i__ + _ r end_state_1i_+
rewrite_state2o_0 ) 0 r rewrite_state2o_)
rewrite_stateaccept2__ _ _ r rewrite_stateaccept2__
rewrite_statehalt-reject_( : ( r rewrite_statehalt-reject_:
rewrite_state3__ + _ r end_state_3_+
rewrite_state3_0 0 0 r rewrite_state3_0
rewrite_statehalt-accept_: ( : r rewrite_statehalt-accept_(
push_statehalt-accept : _ r rewrite_statehalt-accept_:
rewrite_state3_) 1 ) r rewrite_state3_1
rewrite_state4_) ) ) r rewrite_state4_)
rewrite_statehalt-accept_1 ( 1 r rewrite_statehalt-accept_(
rewrite_state1i_0 ( 0 r rewrite_state1i_(
rewrite_statereject2_0 ( 0 r rewrite_statereject2_(
rewrite_state2o_( ( ( r rewrite_state2o_(
push_state1i _ _ r rewrite_state1i__
rewrite_stateaccept2_* ) * r rewrite_stateaccept2_)
goto_begin_state_1o # # r 1o
rewrite_stateaccept2_1 + 1 r end_state_accept2_+
rewrite_state4_* * * r rewrite_state4_*
rewrite_stateaccept_: 1 : r rewrite_stateaccept_1
rewrite_state2i_( ( ( r rewrite_state2i_(
rewrite_stateaccept_( 1 ( r rewrite_stateaccept_1
rewrite_stateaccept2_) _ ) r rewrite_stateaccept2__
rewrite_state1o_* * * r rewrite_state1o_*
rewrite_state1o_) ) ) r rewrite_state1o_)
rewrite_statereject2_) + ) r end_state_reject2_+
rewrite_state1o__ ( _ r rewrite_state1o_(
rewrite_statereject_) : ) r rewrite_statereject_:
rewrite_state3_( 1 ( r rewrite_state3_1
rewrite_stateaccept_0 + 0 r end_state_accept_+
rewrite_statehalt-accept_0 * 0 r rewrite_statehalt-accept_*
rewrite_statehalt-reject_* 0 * r rewrite_statehalt-reject_0
rewrite_state1i_1 ) 1 r rewrite_state1i_)
push_statehalt-reject : _ r rewrite_statehalt-reject_:
rewrite_statehalt-reject__ : _ r rewrite_statehalt-reject_:
rewrite_statehalt-reject_: 0 : r rewrite_statehalt-reject_0
rewrite_state4_: : : r rewrite_state4_:
rewrite_state4_( ) ( r rewrite_state4_)
rewrite_state1i_) ( ) r rewrite_state1i_(
push_state1i ( _ r rewrite_state1i_(
rewrite_stateaccept2_: ) : r rewrite_stateaccept2_)
4 * * l 4
rewrite_stateaccept2_* _ * r rewrite_stateaccept2__
rewrite_state4_) 1 ) r rewrite_state4_1
rewrite_state4_( 1 ( r rewrite_state4_1
rewrite_statehalt-reject_( _ ( r rewrite_statehalt-reject__
rewrite_state1o_: 1 : r rewrite_state1o_1
rewrite_stateaccept2_1 : 1 r rewrite_stateaccept2_:
rewrite_statehalt-accept_1 0 1 r rewrite_statehalt-accept_0
rewrite_state1i_* 0 * r rewrite_state1i_0
rewrite_statehalt-accept_) ( ) r rewrite_statehalt-accept_(
rewrite_statereject2_1 * 1 r rewrite_statereject2_*
rewrite_state4__ 0 _ r rewrite_state4_0
push_statereject2 * _ r rewrite_statereject2_*
1o _ _ l 2o
push_state2o ( _ r rewrite_state2o_(
rewrite_state2i_0 _ 0 r rewrite_state2i__
rewrite_state2i_( + ( r end_state_2i_+
rewrite_stateaccept2_: * : r rewrite_stateaccept2_*
rewrite_state3_* ) * r rewrite_state3_)
rewrite_state1i_) + ) r end_state_1i_+
rewrite_state1i_: * : r rewrite_state1i_*
rewrite_statehalt-accept_( * ( r rewrite_statehalt-accept_*
rewrite_state1i_) 1 ) r rewrite_state1i_1
rewrite_state1i__ _ _ r rewrite_state1i__
rewrite_state4_0 _ 0 r rewrite_state4__
rewrite_state1i_1 * 1 r rewrite_state1i_*
rewrite_statehalt-reject_( 0 ( r rewrite_statehalt-reject_0
1i _ _ l 2i
rewrite_state2i__ ( _ r rewrite_state2i_(
push_state1o _ _ r rewrite_state1o__
rewrite_statereject_0 _ 0 r rewrite_statereject__
0 0 # r rewrite_0
rewrite_state1i_) _ ) r rewrite_state1i__
rewrite_statehalt-reject__ _ _ r rewrite_statehalt-reject__
rewrite_stateaccept_0 _ 0 r rewrite_stateaccept__
rewrite_state1o_( ( ( r rewrite_state1o_(
rewrite_stateaccept_: + : r end_state_accept_+
rewrite_state1o_( 1 ( r rewrite_state1o_1
rewrite_state2i_* + * r end_state_2i_+
push_statereject2 : _ r rewrite_statereject2_:
rewrite_statereject2_0 ) 0 r rewrite_statereject2_)
rewrite_statereject_1 ( 1 r rewrite_statereject_(
rewrite_statehalt-accept_) : ) r rewrite_statehalt-accept_:
1i * * r 1i
rewrite_state2i_) ) ) r rewrite_state2i_)
push_state2o 0 _ r rewrite_state2o_0
rewrite_state2o_1 : 1 r rewrite_state2o_:
rewrite_statehalt-accept_1 _ 1 r rewrite_statehalt-accept__
rewrite_state2o_( + ( r end_state_2o_+
rewrite_state2i__ 1 _ r rewrite_state2i_1
rewrite_state1o_( : ( r rewrite_state1o_:
1i + + l 2i
rewrite_state2o_( * ( r rewrite_state2o_*
rewrite_state3_1 ) 1 r rewrite_state3_)
rewrite_statereject2_( + ( r end_state_reject2_+
rewrite_statehalt-reject_0 0 0 r rewrite_statehalt-reject_0
rewrite_state1i_1 0 1 r rewrite_state1i_0
rewrite_statereject2__ _ _ r rewrite_statereject2__
rewrite_state2o_0 1 0 r rewrite_state2o_1
rewrite_statereject_0 : 0 r rewrite_statereject_:
rewrite_statehalt-reject_: ( : r rewrite_statehalt-reject_(
rewrite_1 _ 1 r end_tape
rewrite_state2o_) ) ) r rewrite_state2o_)
rewrite_stateaccept_0 ) 0 r rewrite_stateaccept_)
rewrite_statereject__ 0 _ r rewrite_statereject_0
rewrite_state2o_1 _ 1 r rewrite_state2o__
rewrite_state2o_( : ( r rewrite_state2o_:
push_stateaccept 1 _ r rewrite_stateaccept_1
rewrite_statereject_( 0 ( r rewrite_statereject_0
rewrite_state1o_1 ( 1 r rewrite_state1o_(
rewrite_state1o_0 * 0 r rewrite_state1o_*
rewrite_state4_* 1 * r rewrite_state4_1
rewrite_statehalt-accept__ 1 _ r rewrite_statehalt-accept_1
rewrite_stateaccept_: ( : r rewrite_stateaccept_(
rewrite_state3_( ) ( r rewrite_state3_)
rewrite_statereject2_* _ * r rewrite_statereject2__
rewrite_state3_) * ) r rewrite_state3_*
rewrite_state2i_( 1 ( r rewrite_state2i_1
push_state4 0 _ r rewrite_state4_0
rewrite_statehalt-reject_* + * r end_state_halt-reject_+
rewrite_state3__ 1 _ r rewrite_state3_1
rewrite_state2i_1 _ 1 r rewrite_state2i__
rewrite_statereject2_1 ( 1 r rewrite_statereject2_(
push_statereject _ _ r rewrite_statereject__
rewrite_state2i__ : _ r rewrite_state2i_:
rewrite_stateaccept__ 0 _ r rewrite_stateaccept_0
rewrite_stateaccept2_0 * 0 r rewrite_stateaccept2_*
rewrite_state1i_( 0 ( r rewrite_state1i_0
rewrite_state3_1 0 1 r rewrite_state3_0
rewrite_statereject__ _ _ r rewrite_statereject__
end_tape * * l end_tape
rewrite_stateaccept2_) 0 ) r rewrite_stateaccept2_0
rewrite_state1i_0 ) 0 r rewrite_state1i_)
rewrite_state1o_0 0 0 r rewrite_state1o_0
push_state3 0 _ r rewrite_state3_0
rewrite_state2o_( ) ( r rewrite_state2o_)
rewrite_state1o_1 1 1 r rewrite_state1o_1
rewrite_state1o_: : : r rewrite_state1o_:
push_stateaccept2 _ _ r rewrite_stateaccept2__
push_state1i 1 _ r rewrite_state1i_1
rewrite_state1o_: + : r end_state_1o_+
rewrite_state3_0 : 0 r rewrite_state3_:
rewrite_state1o_( 0 ( r rewrite_state1o_0
rewrite_state1o_1 * 1 r rewrite_state1o_*
rewrite_statehalt-accept_: ) : r rewrite_statehalt-accept_)
rewrite_state1o__ _ _ r rewrite_state1o__
rewrite_state3_* * * r rewrite_state3_*
rewrite_statehalt-reject__ ( _ r rewrite_statehalt-reject_(
push_state2i ) _ r rewrite_state2i_)
end_state_1i_+ _ + l goto_begin_state_1i
rewrite_state1o_0 : 0 r rewrite_state1o_:
push_statehalt-accept _ _ r rewrite_statehalt-accept__
rewrite_state3_1 1 1 r rewrite_state3_1
rewrite_stateaccept_( 0 ( r rewrite_stateaccept_0
rewrite_state2i_( : ( r rewrite_state2i_:
rewrite_statereject2_: : : r rewrite_statereject2_:
rewrite_statehalt-accept_) 1 ) r rewrite_statehalt-accept_1
rewrite_state2i_* * * r rewrite_state2i_*
rewrite_state4_) _ ) r rewrite_state4__
rewrite_statehalt-reject_( ) ( r rewrite_statehalt-reject_)
rewrite_stateaccept_( * ( r rewrite_stateaccept_*
rewrite_state4_: _ : r rewrite_state4__
goto_begin_state_accept2 * * l goto_begin_state_accept2
rewrite_state1i_* : * r rewrite_state1i_:
rewrite_stateaccept__ 1 _ r rewrite_stateaccept_1
rewrite_statereject_: 1 : r rewrite_statereject_1
end_state_halt-accept_+ _ + l goto_begin_state_halt-accept
rewrite_state1i_( ) ( r rewrite_state1i_)
rewrite_state1o_1 + 1 r end_state_1o_+
rewrite_stateaccept_* ( * r rewrite_stateaccept_(
rewrite_state4_0 * 0 r rewrite_state4_*
rewrite_state1o_0 1 0 r rewrite_state1o_1
push_stateaccept : _ r rewrite_stateaccept_:
rewrite_state4_0 : 0 r rewrite_state4_:
rewrite_statereject2__ : _ r rewrite_statereject2_:
rewrite_state1o__ ) _ r rewrite_state1o_)
rewrite_state2o__ ( _ r rewrite_state2o_(
reject2 # # r push_statereject2
rewrite_stateaccept_0 ( 0 r rewrite_stateaccept_(
rewrite_statereject_1 ) 1 r rewrite_statereject_)
rewrite_stateaccept2_* : * r rewrite_stateaccept2_:
initial_state _ _ * accept
rewrite_statereject2__ 0 _ r rewrite_statereject2_0
rewrite_statereject2_1 0 1 r rewrite_statereject2_0
initial_state 1 _ r 1i
goto_begin_state_4 * * l goto_begin_state_4
rewrite_state3_1 _ 1 r rewrite_state3__
rewrite_state1o_1 0 1 r rewrite_state1o_0
rewrite_state2i_) _ ) r rewrite_state2i__
rewrite_statereject2_) 0 ) r rewrite_statereject2_0
rewrite_statereject2_: _ : r rewrite_statereject2__
push_statereject2 _ _ r rewrite_statereject2__
rewrite_state1o_0 + 0 r end_state_1o_+
rewrite_statehalt-accept_* _ * r rewrite_statehalt-accept__
push_state1i : _ r rewrite_state1i_:
rewrite_state1o__ * _ r rewrite_state1o_*
rewrite_statehalt-accept_: : : r rewrite_statehalt-accept_:
rewrite_stateaccept_* * * r rewrite_stateaccept_*
goto_begin_state_accept # # r accept
rewrite_state2i_: _ : r rewrite_state2i__
rewrite_state1o_* : * r rewrite_state1o_:
rewrite_statereject2_1 : 1 r rewrite_statereject2_:
rewrite_state3__ 0 _ r rewrite_state3_0
rewrite_statereject2_0 * 0 r rewrite_statereject2_*
rewrite_state2o_( 0 ( r rewrite_state2o_0
rewrite_stateaccept2_( : ( r rewrite_stateaccept2_:
push_state2i : _ r rewrite_state2i_:
push_statereject 1 _ r rewrite_statereject_1
rewrite_stateaccept2_: 1 : r rewrite_stateaccept2_1
rewrite_statereject2_) * ) r rewrite_statereject2_*
rewrite_statehalt-reject_) ( ) r rewrite_statehalt-reject_(
rewrite_state3_1 : 1 r rewrite_state3_:
rewrite_statereject2_0 : 0 r rewrite_statereject2_:
rewrite_state1o_: ( : r rewrite_state1o_(
rewrite_state1o_1 _ 1 r rewrite_state1o__
push_statereject ( _ r rewrite_statereject_(
rewrite_statereject_1 * 1 r rewrite_statereject_*
rewrite_state1i_: 0 : r rewrite_state1i_0
2o 0 _ l 3
rewrite_state2o_: : : r rewrite_state2o_:
rewrite_state4__ ) _ r rewrite_state4_)
rewrite_statehalt-accept_) * ) r rewrite_statehalt-accept_*
