;S
rewrite_state2__ X _ r rewrite_state2_X
0 1 # r rewrite_1
push_state4 _ _ r rewrite_state4__
rewrite_state8_X _ X r rewrite_state8__
rewrite_state4_0 B 0 r rewrite_state4_B
rewrite_state10_B 0 B r rewrite_state10_0
goto_begin_state_5 * * l goto_begin_state_5
rewrite_state7_0 B 0 r rewrite_state7_B
initial_state + + l 1
rewrite_state7_X _ X r rewrite_state7__
rewrite_state10_B B B r rewrite_state10_B
rewrite_state6_0 + 0 r end_state_6_+
rewrite_state1_1 B 1 r rewrite_state1_B
rewrite_statehalt-accept_0 1 0 r rewrite_statehalt-accept_1
rewrite_state4_0 + 0 r end_state_4_+
rewrite_state9__ X _ r rewrite_state9_X
4 # # r push_state4
rewrite_state9_X + X r end_state_9_+
rewrite_state4_B 0 B r rewrite_state4_0
rewrite_state4_0 1 0 r rewrite_state4_1
rewrite_state2_X 0 X r rewrite_state2_0
rewrite_state7_B + B r end_state_7_+
1 _ _ r 4
8 0 X l 10
rewrite_state4_1 _ 1 r rewrite_state4__
rewrite_state2_X + X r end_state_2_+
rewrite_state4_X 1 X r rewrite_state4_1
halt-accept # # r push_statehalt-accept
rewrite_state1_0 X 0 r rewrite_state1_X
push_state2 1 _ r rewrite_state2_1
push_state7 _ _ r rewrite_state7__
rewrite_state6__ B _ r rewrite_state6_B
rewrite_state3_B B B r rewrite_state3_B
rewrite_state7__ 1 _ r rewrite_state7_1
rewrite_state2__ B _ r rewrite_state2_B
rewrite_state9__ 0 _ r rewrite_state9_0
rewrite_state6_B B B r rewrite_state6_B
rewrite_statehalt-accept_1 + 1 r end_state_halt-accept_+
rewrite_state10_1 0 1 r rewrite_state10_0
rewrite_state4_X 0 X r rewrite_state4_0
rewrite_state5__ B _ r rewrite_state5_B
rewrite_state1__ 1 _ r rewrite_state1_1
5 # # r push_state5
rewrite_state7_1 B 1 r rewrite_state7_B
6 B B l 1
rewrite_state5__ 0 _ r rewrite_state5_0
3 X 0 l 6
rewrite_state3_0 + 0 r end_state_3_+
rewrite_state5__ + _ r end_state_5_+
rewrite_state8_X 1 X r rewrite_state8_1
rewrite_state10_1 1 1 r rewrite_state10_1
push_state6 _ _ r rewrite_state6__
5 _ _ l 1
rewrite_state3__ _ _ r rewrite_state3__
rewrite_state10_X X X r rewrite_state10_X
rewrite_state10_1 B 1 r rewrite_state10_B
3 _ 0 l 6
rewrite_state10_1 + 1 r end_state_10_+
rewrite_state8_X X X r rewrite_state8_X
initial_state B B r initial_state
rewrite_state3__ B _ r rewrite_state3_B
rewrite_state5_X + X r end_state_5_+
goto_begin_state_3 * * l goto_begin_state_3
rewrite_state3_B 0 B r rewrite_state3_0
rewrite_statehalt-accept_X 1 X r rewrite_statehalt-accept_1
rewrite_state4_X _ X r rewrite_state4__
3 0 0 l 6
rewrite_state6_1 + 1 r end_state_6_+
end_state_4_+ _ + l goto_begin_state_4
rewrite_1 1 1 r rewrite_1
push_state3 X _ r rewrite_state3_X
rewrite_state1_B + B r end_state_1_+
rewrite_state5_B B B r rewrite_state5_B
2 0 1 l 5
end_tape _ + l end_tape
rewrite_state1_0 0 0 r rewrite_state1_0
rewrite_state5_X 0 X r rewrite_state5_0
push_state7 X _ r rewrite_state7_X
rewrite_state7_1 + 1 r end_state_7_+
initial_state 0 0 r initial_state
push_state2 _ _ r rewrite_state2__
rewrite_state3_X 0 X r rewrite_state3_0
rewrite_state6_1 _ 1 r rewrite_state6__
rewrite_state10_0 B 0 r rewrite_state10_B
goto_begin_state_6 * * l goto_begin_state_6
push_state9 B _ r rewrite_state9_B
rewrite_state2_B 1 B r rewrite_state2_1
goto_begin_state_9 * * l goto_begin_state_9
rewrite_state10_0 _ 0 r rewrite_state10__
rewrite_state6_0 0 0 r rewrite_state6_0
rewrite_state4_B X B r rewrite_state4_X
rewrite_state7__ B _ r rewrite_state7_B
rewrite_state1_1 X 1 r rewrite_state1_X
goto_begin_state_halt-accept # # r halt-accept
rewrite_state10_B 1 B r rewrite_state10_1
rewrite_state9_B X B r rewrite_state9_X
rewrite_state9_0 + 0 r end_state_9_+
rewrite_state1_1 + 1 r end_state_1_+
rewrite_statehalt-accept_B + B r end_state_halt-accept_+
2 1 1 l 5
goto_begin_state_3 # # r 3
push_state1 _ _ r rewrite_state1__
7 _ _ l 8
6 0 0 l 1
rewrite_state4_1 0 1 r rewrite_state4_0
rewrite_state4__ 1 _ r rewrite_state4_1
rewrite_state2_0 _ 0 r rewrite_state2__
rewrite_state2__ 0 _ r rewrite_state2_0
rewrite_state6_X B X r rewrite_state6_B
push_state10 1 _ r rewrite_state10_1
push_state3 1 _ r rewrite_state3_1
push_state3 _ _ r rewrite_state3__
rewrite_statehalt-accept__ B _ r rewrite_statehalt-accept_B
rewrite_state9_0 B 0 r rewrite_state9_B
rewrite_state4_X + X r end_state_4_+
rewrite_state7_X + X r end_state_7_+
push_state7 1 _ r rewrite_state7_1
2 B 1 l 5
rewrite_state7_X 0 X r rewrite_state7_0
rewrite_state1_X 1 X r rewrite_state1_1
rewrite_state3_X X X r rewrite_state3_X
rewrite_state2_B 0 B r rewrite_state2_0
rewrite_state6_1 0 1 r rewrite_state6_0
goto_begin_state_6 # # r 6
rewrite_state10_X + X r end_state_10_+
1 0 _ r 3
8 X X l 8
rewrite_state9_0 1 0 r rewrite_state9_1
push_state2 B _ r rewrite_state2_B
push_state7 0 _ r rewrite_state7_0
rewrite_state9_X 1 X r rewrite_state9_1
rewrite_statehalt-accept__ + _ r end_state_halt-accept_+
rewrite_statehalt-accept_X _ X r rewrite_statehalt-accept__
rewrite_state1__ 0 _ r rewrite_state1_0
rewrite_state1_B 0 B r rewrite_state1_0
rewrite_statehalt-accept_B 1 B r rewrite_statehalt-accept_1
rewrite_state2_1 1 1 r rewrite_state2_1
6 + + l 1
rewrite_state1_X _ X r rewrite_state1__
rewrite_state7_X X X r rewrite_state7_X
rewrite_state7_0 X 0 r rewrite_state7_X
rewrite_state1_1 1 1 r rewrite_state1_1
rewrite_state2_B _ B r rewrite_state2__
rewrite_state10_X B X r rewrite_state10_B
push_state5 _ _ r rewrite_state5__
rewrite_statehalt-accept_X B X r rewrite_statehalt-accept_B
rewrite_state9_B 0 B r rewrite_state9_0
rewrite_statehalt-accept_0 + 0 r end_state_halt-accept_+
rewrite_state5__ 1 _ r rewrite_state5_1
rewrite_state4_B 1 B r rewrite_state4_1
rewrite_state8__ X _ r rewrite_state8_X
end_state_3_+ _ + l goto_begin_state_3
end_state_8_+ _ + l goto_begin_state_8
5 X X l 1
rewrite_state9_1 0 1 r rewrite_state9_0
push_state6 0 _ r rewrite_state6_0
rewrite_state4_0 0 0 r rewrite_state4_0
rewrite_state5__ _ _ r rewrite_state5__
push_state8 1 _ r rewrite_state8_1
rewrite_state2_1 + 1 r end_state_2_+
rewrite_state4_1 B 1 r rewrite_state4_B
rewrite_state5_0 + 0 r end_state_5_+
rewrite_state9_X B X r rewrite_state9_B
rewrite_state10_0 X 0 r rewrite_state10_X
rewrite_state8_1 + 1 r end_state_8_+
push_state1 1 _ r rewrite_state1_1
rewrite_state10__ 0 _ r rewrite_state10_0
rewrite_state8_0 _ 0 r rewrite_state8__
rewrite_statehalt-accept__ 0 _ r rewrite_statehalt-accept_0
rewrite_state9_1 1 1 r rewrite_state9_1
push_state1 0 _ r rewrite_state1_0
rewrite_state9_B 1 B r rewrite_state9_1
rewrite_state8_1 1 1 r rewrite_state8_1
push_state5 1 _ r rewrite_state5_1
rewrite_state10_0 + 0 r end_state_10_+
push_state1 X _ r rewrite_state1_X
rewrite_statehalt-accept_0 _ 0 r rewrite_statehalt-accept__
push_state6 1 _ r rewrite_state6_1
rewrite_statehalt-accept_0 0 0 r rewrite_statehalt-accept_0
rewrite_state3_0 _ 0 r rewrite_state3__
7 # # r push_state7
rewrite_statehalt-accept_0 X 0 r rewrite_statehalt-accept_X
rewrite_state5_1 _ 1 r rewrite_state5__
rewrite_state2_0 1 0 r rewrite_state2_1
rewrite_state7_0 _ 0 r rewrite_state7__
end_state_6_+ _ + l goto_begin_state_6
rewrite_state10__ + _ r end_state_10_+
8 B B r halt-accept
rewrite_state9_B B B r rewrite_state9_B
rewrite_statehalt-accept_B _ B r rewrite_statehalt-accept__
rewrite_state5_0 0 0 r rewrite_state5_0
push_statehalt-accept 0 _ r rewrite_statehalt-accept_0
rewrite_state2_1 0 1 r rewrite_state2_0
rewrite_state2__ _ _ r rewrite_state2__
1 1 _ r 2
rewrite_state10_0 1 0 r rewrite_state10_1
5 B B l 1
goto_begin_state_4 # # r 4
rewrite_state10_X 0 X r rewrite_state10_0
rewrite_state1_X B X r rewrite_state1_B
goto_begin_state_8 # # r 8
goto_begin_state_1 # # r 1
rewrite_state8_X + X r end_state_8_+
rewrite_state8_X B X r rewrite_state8_B
rewrite_state4_1 1 1 r rewrite_state4_1
rewrite_state3_1 + 1 r end_state_3_+
rewrite_state3_B 1 B r rewrite_state3_1
rewrite_state3_B X B r rewrite_state3_X
rewrite_state5_X 1 X r rewrite_state5_1
end_state_2_+ _ + l goto_begin_state_2
rewrite_state10_B X B r rewrite_state10_X
push_state8 B _ r rewrite_state8_B
rewrite_state9__ + _ r end_state_9_+
3 # # r push_state3
rewrite_state9__ _ _ r rewrite_state9__
rewrite_state1_B B B r rewrite_state1_B
rewrite_state7_1 X 1 r rewrite_state7_X
2 + _ r end_tape_state_2
push_state8 _ _ r rewrite_state8__
9 # # r push_state9
rewrite_state4_B _ B r rewrite_state4__
rewrite_state5_B _ B r rewrite_state5__
rewrite_state10_X 1 X r rewrite_state10_1
rewrite_state9_1 X 1 r rewrite_state9_X
push_state9 X _ r rewrite_state9_X
rewrite_state5_B 0 B r rewrite_state5_0
push_statehalt-accept B _ r rewrite_statehalt-accept_B
goto_begin_state_10 # # r 10
rewrite_state3_B _ B r rewrite_state3__
rewrite_state8_B 0 B r rewrite_state8_0
rewrite_state8__ + _ r end_state_8_+
rewrite_state4_X B X r rewrite_state4_B
rewrite_state3_X _ X r rewrite_state3__
rewrite_state8_1 _ 1 r rewrite_state8__
rewrite_state9_B _ B r rewrite_state9__
6 X X l 1
push_state5 B _ r rewrite_state5_B
push_state9 1 _ r rewrite_state9_1
rewrite_statehalt-accept_X X X r rewrite_statehalt-accept_X
rewrite_state3_X + X r end_state_3_+
push_state9 0 _ r rewrite_state9_0
push_state6 B _ r rewrite_state6_B
end_tape_state_3 _ + l 3
rewrite_state1_1 _ 1 r rewrite_state1__
rewrite_state3_0 1 0 r rewrite_state3_1
rewrite_state6_0 B 0 r rewrite_state6_B
rewrite_state9_1 _ 1 r rewrite_state9__
initial_state 1 1 r initial_state
2 _ 1 l 5
rewrite_state6_1 B 1 r rewrite_state6_B
rewrite_state6_1 1 1 r rewrite_state6_1
push_state5 X _ r rewrite_state5_X
rewrite_state7_X 1 X r rewrite_state7_1
push_state2 0 _ r rewrite_state2_0
rewrite_state4_1 + 1 r end_state_4_+
rewrite_state1_0 B 0 r rewrite_state1_B
rewrite_state9_0 _ 0 r rewrite_state9__
7 + + l 8
push_state2 X _ r rewrite_state2_X
rewrite_state6_X 1 X r rewrite_state6_1
rewrite_state8_1 X 1 r rewrite_state8_X
10 1 X r 7
rewrite_state5_1 1 1 r rewrite_state5_1
rewrite_statehalt-accept_B 0 B r rewrite_statehalt-accept_0
rewrite_state1_B X B r rewrite_state1_X
rewrite_state9_1 B 1 r rewrite_state9_B
rewrite_state6_X _ X r rewrite_state6__
rewrite_state6_X + X r end_state_6_+
rewrite_state4_B + B r end_state_4_+
rewrite_state1__ B _ r rewrite_state1_B
10 X X l 10
rewrite_state5_X B X r rewrite_state5_B
7 0 0 r 7
rewrite_state8_X 0 X r rewrite_state8_0
rewrite_state8_0 + 0 r end_state_8_+
rewrite_state9__ 1 _ r rewrite_state9_1
rewrite_state2_X B X r rewrite_state2_B
rewrite_0 0 0 r rewrite_0
rewrite_state2_1 _ 1 r rewrite_state2__
6 # # r push_state6
rewrite_state6__ X _ r rewrite_state6_X
rewrite_0 1 0 r rewrite_1
3 B 0 l 6
rewrite_1 0 1 r rewrite_0
rewrite_state1_0 _ 0 r rewrite_state1__
rewrite_state8_1 B 1 r rewrite_state8_B
9 1 1 l 9
goto_begin_state_1 * * l goto_begin_state_1
rewrite_state7_B B B r rewrite_state7_B
rewrite_statehalt-accept_1 1 1 r rewrite_statehalt-accept_1
rewrite_state2_1 B 1 r rewrite_state2_B
rewrite_state6__ 1 _ r rewrite_state6_1
rewrite_state2__ + _ r end_state_2_+
rewrite_state2_X _ X r rewrite_state2__
rewrite_state6_0 1 0 r rewrite_state6_1
rewrite_state7_B 1 B r rewrite_state7_1
rewrite_state10_X _ X r rewrite_state10__
rewrite_state7_0 + 0 r end_state_7_+
rewrite_state10_1 X 1 r rewrite_state10_X
rewrite_state1_X 0 X r rewrite_state1_0
3 1 0 l 6
rewrite_state7__ 0 _ r rewrite_state7_0
10 # # r push_state10
rewrite_state10_B + B r end_state_10_+
rewrite_state6_B + B r end_state_6_+
rewrite_state4_0 X 0 r rewrite_state4_X
push_state8 X _ r rewrite_state8_X
rewrite_state10__ 1 _ r rewrite_state10_1
rewrite_state7_0 1 0 r rewrite_state7_1
rewrite_state4_B B B r rewrite_state4_B
rewrite_state7_0 0 0 r rewrite_state7_0
rewrite_state5_1 X 1 r rewrite_state5_X
7 1 1 r 7
rewrite_state8_B X B r rewrite_state8_X
rewrite_state5_X X X r rewrite_state5_X
rewrite_state10__ _ _ r rewrite_state10__
goto_begin_state_halt-accept * * l goto_begin_state_halt-accept
rewrite_state4__ B _ r rewrite_state4_B
rewrite_state4__ + _ r end_state_4_+
rewrite_statehalt-accept__ _ _ r rewrite_statehalt-accept__
rewrite_state3_1 X 1 r rewrite_state3_X
push_state10 0 _ r rewrite_state10_0
end_state_7_+ _ + l goto_begin_state_7
rewrite_state6_0 _ 0 r rewrite_state6__
2 # # r push_state2
rewrite_state7_B 0 B r rewrite_state7_0
rewrite_state6_X X X r rewrite_state6_X
3 + _ r end_tape_state_3
push_state4 1 _ r rewrite_state4_1
10 0 0 l 10
5 1 1 l 1
rewrite_state5_0 B 0 r rewrite_state5_B
rewrite_state5_1 B 1 r rewrite_state5_B
rewrite_state8_1 0 1 r rewrite_state8_0
rewrite_state9_0 X 0 r rewrite_state9_X
rewrite_state1__ + _ r end_state_1_+
rewrite_state8__ _ _ r rewrite_state8__
rewrite_state1__ _ _ r rewrite_state1__
push_statehalt-accept 1 _ r rewrite_statehalt-accept_1
rewrite_0 _ 0 r end_tape
push_state10 _ _ r rewrite_state10__
rewrite_statehalt-accept_X + X r end_state_halt-accept_+
rewrite_state4__ _ _ r rewrite_state4__
rewrite_state9_1 + 1 r end_state_9_+
rewrite_state5_0 X 0 r rewrite_state5_X
rewrite_state8__ B _ r rewrite_state8_B
rewrite_state2_B B B r rewrite_state2_B
9 X X l 9
rewrite_statehalt-accept__ X _ r rewrite_statehalt-accept_X
rewrite_state1_0 + 0 r end_state_1_+
end_tape # * r initial_state
rewrite_state4_1 X 1 r rewrite_state4_X
rewrite_state3_0 B 0 r rewrite_state3_B
rewrite_state5_0 1 0 r rewrite_state5_1
rewrite_state9_X 0 X r rewrite_state9_0
rewrite_state3__ + _ r end_state_3_+
end_state_10_+ _ + l goto_begin_state_10
rewrite_state6_1 X 1 r rewrite_state6_X
rewrite_state3_0 0 0 r rewrite_state3_0
rewrite_state10_0 0 0 r rewrite_state10_0
rewrite_state9_0 0 0 r rewrite_state9_0
push_state8 0 _ r rewrite_state8_0
rewrite_state1_1 0 1 r rewrite_state1_0
end_tape_state_2 _ + l 2
rewrite_state3__ X _ r rewrite_state3_X
rewrite_state5__ X _ r rewrite_state5_X
rewrite_state6__ _ _ r rewrite_state6__
rewrite_state7_B X B r rewrite_state7_X
rewrite_state9__ B _ r rewrite_state9_B
rewrite_statehalt-accept_X 0 X r rewrite_statehalt-accept_0
rewrite_state1_B _ B r rewrite_state1__
rewrite_statehalt-accept_0 B 0 r rewrite_statehalt-accept_B
push_state7 B _ r rewrite_state7_B
rewrite_state6_0 X 0 r rewrite_state6_X
rewrite_state8_B 1 B r rewrite_state8_1
end_state_5_+ _ + l goto_begin_state_5
7 B B r 7
push_state10 B _ r rewrite_state10_B
rewrite_state2_0 X 0 r rewrite_state2_X
push_state10 X _ r rewrite_state10_X
rewrite_state1_B 1 B r rewrite_state1_1
rewrite_state6_B 0 B r rewrite_state6_0
6 1 1 l 1
rewrite_statehalt-accept_1 0 1 r rewrite_statehalt-accept_0
rewrite_state7_X B X r rewrite_state7_B
rewrite_state6_X 0 X r rewrite_state6_0
push_state3 B _ r rewrite_state3_B
rewrite_state7__ _ _ r rewrite_state7__
4 _ B r 7
end_state_9_+ _ + l goto_begin_state_9
goto_begin_state_2 # # r 2
rewrite_state4__ 0 _ r rewrite_state4_0
rewrite_state6_B 1 B r rewrite_state6_1
rewrite_state1_X + X r end_state_1_+
rewrite_state2_X X X r rewrite_state2_X
rewrite_state6_B _ B r rewrite_state6__
rewrite_state2_0 B 0 r rewrite_state2_B
rewrite_state3_B + B r end_state_3_+
rewrite_state4_0 _ 0 r rewrite_state4__
rewrite_state4__ X _ r rewrite_state4_X
0 0 # r rewrite_0
goto_begin_state_7 # # r 7
rewrite_state8_0 B 0 r rewrite_state8_B
rewrite_state8_0 X 0 r rewrite_state8_X
rewrite_state7__ + _ r end_state_7_+
rewrite_state5_0 _ 0 r rewrite_state5__
rewrite_state3_X B X r rewrite_state3_B
rewrite_state7_1 _ 1 r rewrite_state7__
goto_begin_state_9 # # r 9
2 X 1 l 5
rewrite_state2_1 X 1 r rewrite_state2_X
rewrite_state10_B _ B r rewrite_state10__
rewrite_statehalt-accept_1 _ 1 r rewrite_statehalt-accept__
rewrite_state9_X X X r rewrite_state9_X
rewrite_state9_B + B r end_state_9_+
rewrite_state5_1 + 1 r end_state_5_+
initial_state X X r initial_state
rewrite_statehalt-accept_1 X 1 r rewrite_statehalt-accept_X
rewrite_state5_B 1 B r rewrite_state5_1
rewrite_statehalt-accept_1 B 1 r rewrite_statehalt-accept_B
rewrite_state2__ 1 _ r rewrite_state2_1
push_statehalt-accept X _ r rewrite_statehalt-accept_X
push_state6 X _ r rewrite_state6_X
rewrite_1 _ 1 r end_tape
1 # # r push_state1
rewrite_state8_0 0 0 r rewrite_state8_0
rewrite_state7_1 0 1 r rewrite_state7_0
rewrite_state8_0 1 0 r rewrite_state8_1
rewrite_statehalt-accept_B X B r rewrite_statehalt-accept_X
rewrite_state6_B X B r rewrite_state6_X
5 0 0 l 1
rewrite_state10__ B _ r rewrite_state10_B
rewrite_state2_0 + 0 r end_state_2_+
rewrite_state3_0 X 0 r rewrite_state3_X
rewrite_state5_X _ X r rewrite_state5__
rewrite_state8__ 1 _ r rewrite_state8_1
9 0 X r 7
6 _ _ l 1
rewrite_state1_X X X r rewrite_state1_X
rewrite_state2_0 0 0 r rewrite_state2_0
rewrite_statehalt-accept__ 1 _ r rewrite_statehalt-accept_1
rewrite_state9_X _ X r rewrite_state9__
push_state4 0 _ r rewrite_state4_0
rewrite_state3_X 1 X r rewrite_state3_1
rewrite_state8_B + B r end_state_8_+
rewrite_state3__ 1 _ r rewrite_state3_1
rewrite_state3_1 0 1 r rewrite_state3_0
end_tape * * l end_tape
rewrite_state10__ X _ r rewrite_state10_X
push_state3 0 _ r rewrite_state3_0
rewrite_state10_1 _ 1 r rewrite_state10__
rewrite_state3_1 B 1 r rewrite_state3_B
goto_begin_state_2 * * l goto_begin_state_2
rewrite_statehalt-accept_B B B r rewrite_statehalt-accept_B
push_state5 0 _ r rewrite_state5_0
rewrite_state8__ 0 _ r rewrite_state8_0
rewrite_state2_B + B r end_state_2_+
rewrite_state6__ 0 _ r rewrite_state6_0
rewrite_state8_B _ B r rewrite_state8__
goto_begin_state_5 # # r 5
rewrite_state1__ X _ r rewrite_state1_X
push_state4 X _ r rewrite_state4_X
push_statehalt-accept _ _ r rewrite_statehalt-accept__
rewrite_state3_1 1 1 r rewrite_state3_1
rewrite_state6__ + _ r end_state_6_+
rewrite_state7__ X _ r rewrite_state7_X
push_state1 B _ r rewrite_state1_B
rewrite_state7_1 1 1 r rewrite_state7_1
rewrite_state8_B B B r rewrite_state8_B
rewrite_state1_0 1 0 r rewrite_state1_1
end_state_halt-accept_+ _ + l goto_begin_state_halt-accept
rewrite_state5_B + B r end_state_5_+
8 # # r push_state8
rewrite_state4_X X X r rewrite_state4_X
rewrite_state5_1 0 1 r rewrite_state5_0
push_state9 _ _ r rewrite_state9__
goto_begin_state_8 * * l goto_begin_state_8
goto_begin_state_4 * * l goto_begin_state_4
goto_begin_state_10 * * l goto_begin_state_10
initial_state _ _ l 1
rewrite_state3_1 _ 1 r rewrite_state3__
goto_begin_state_7 * * l goto_begin_state_7
end_state_1_+ _ + l goto_begin_state_1
7 X X r 7
rewrite_state7_B _ B r rewrite_state7__
push_state4 B _ r rewrite_state4_B
rewrite_state3__ 0 _ r rewrite_state3_0
rewrite_state2_B X B r rewrite_state2_X
rewrite_state2_X 1 X r rewrite_state2_1
5 + + l 1
rewrite_state5_B X B r rewrite_state5_X
8 1 X l 9
